Log file open, 09/16/20 15:39:47
LogInit: Display: Running engine for game: PixelArena
LogPlatformFile: Not using cached read wrapper
LogTaskGraph: Started task graph with 5 named threads and 23 total threads with 3 sets of task threads.
LogStats: Stats thread started at 3.057611
LogD3D11RHI: Loaded GFSDK_Aftermath_Lib.x64.dll
LogICUInternationalization: ICU TimeZone Detection - Raw Offset: +12:00, Platform Override: ''
LogPluginManager: Mounting plugin Paper2D
LogPluginManager: Mounting plugin AISupport
LogPluginManager: Mounting plugin LightPropagationVolume
LogPluginManager: Mounting plugin CameraShakePreviewer
LogPluginManager: Mounting plugin ActorLayerUtilities
LogPluginManager: Mounting plugin AnimationSharing
LogPluginManager: Mounting plugin CLionSourceCodeAccess
LogPluginManager: Mounting plugin CodeLiteSourceCodeAccess
LogPluginManager: Mounting plugin GitSourceControl
LogPluginManager: Mounting plugin KDevelopSourceCodeAccess
LogPluginManager: Mounting plugin NullSourceCodeAccess
LogPluginManager: Mounting plugin PerforceSourceControl
LogPluginManager: Mounting plugin PlasticSourceControl
LogPluginManager: Mounting plugin RiderLink
LogPluginManager: Mounting plugin RiderSourceCodeAccess
LogPluginManager: Mounting plugin SubversionSourceControl
LogPluginManager: Mounting plugin UObjectPlugin
LogPluginManager: Mounting plugin VisualStudioCodeSourceCodeAccess
LogPluginManager: Mounting plugin VisualStudioSourceCodeAccess
LogPluginManager: Mounting plugin XCodeSourceCodeAccess
LogPluginManager: Mounting plugin AssetManagerEditor
LogPluginManager: Mounting plugin CryptoKeys
LogPluginManager: Mounting plugin CurveEditorTools
LogPluginManager: Mounting plugin DataValidation
LogPluginManager: Mounting plugin EditorScriptingUtilities
LogPluginManager: Mounting plugin FacialAnimation
LogPluginManager: Mounting plugin GameplayTagsEditor
LogPluginManager: Mounting plugin GeometryMode
LogPluginManager: Mounting plugin MacGraphicsSwitching
LogPluginManager: Mounting plugin MaterialAnalyzer
LogPluginManager: Mounting plugin MobileLauncherProfileWizard
LogPluginManager: Mounting plugin PluginBrowser
LogPluginManager: Mounting plugin SpeedTreeImporter
LogPluginManager: Mounting plugin DatasmithContent
LogPluginManager: Mounting plugin VariantManagerContent
LogPluginManager: Mounting plugin AlembicImporter
LogPluginManager: Mounting plugin AutomationUtils
LogPluginManager: Mounting plugin BackChannel
LogPluginManager: Mounting plugin ChaosCloth
LogPluginManager: Mounting plugin ChaosClothEditor
LogPluginManager: Mounting plugin ChaosEditor
LogPluginManager: Mounting plugin ChaosNiagara
LogPluginManager: Mounting plugin ChaosSolverPlugin
LogPluginManager: Mounting plugin CharacterAI
LogPluginManager: Mounting plugin GeometryCache
LogPluginManager: Mounting plugin GeometryCollectionPlugin
LogPluginManager: Mounting plugin GeometryProcessing
LogPluginManager: Mounting plugin PlanarCut
LogPluginManager: Mounting plugin PlatformCrypto
LogPluginManager: Mounting plugin ProxyLODPlugin
LogPluginManager: Mounting plugin SkeletalReduction
LogPluginManager: Mounting plugin Niagara
LogPluginManager: Mounting plugin MagicLeap
LogPluginManager: Mounting plugin MagicLeapLightEstimation
LogPluginManager: Mounting plugin MagicLeapMedia
LogPluginManager: Mounting plugin MagicLeapPassableWorld
LogPluginManager: Mounting plugin MLSDK
LogPluginManager: Mounting plugin AndroidMedia
LogPluginManager: Mounting plugin AvfMedia
LogPluginManager: Mounting plugin ImgMedia
LogPluginManager: Mounting plugin MediaCompositing
LogPluginManager: Mounting plugin MediaPlayerEditor
LogPluginManager: Mounting plugin WebMMedia
LogPluginManager: Mounting plugin WmfMedia
LogPluginManager: Mounting plugin MeshPainting
LogPluginManager: Mounting plugin TcpMessaging
LogPluginManager: Mounting plugin UdpMessaging
LogPluginManager: Mounting plugin ActorSequence
LogPluginManager: Mounting plugin LevelSequenceEditor
LogPluginManager: Mounting plugin MatineeToLevelSequence
LogPluginManager: Mounting plugin MovieRenderPipeline
LogPluginManager: Mounting plugin TemplateSequence
LogPluginManager: Mounting plugin NetcodeUnitTest
LogPluginManager: Mounting plugin NUTUnrealEngine4
LogPluginManager: Mounting plugin OnlineSubsystemGooglePlay
LogPluginManager: Mounting plugin OnlineSubsystemIOS
LogPluginManager: Mounting plugin OnlineSubsystem
LogPluginManager: Mounting plugin OnlineSubsystemNull
LogPluginManager: Mounting plugin OnlineSubsystemUtils
LogPluginManager: Mounting plugin LauncherChunkInstaller
LogPluginManager: Mounting plugin AndroidDeviceProfileSelector
LogPluginManager: Mounting plugin AndroidMoviePlayer
LogPluginManager: Mounting plugin AndroidPermission
LogPluginManager: Mounting plugin AppleImageUtils
LogPluginManager: Mounting plugin AppleMoviePlayer
LogPluginManager: Mounting plugin ArchVisCharacter
LogPluginManager: Mounting plugin AssetTags
LogPluginManager: Mounting plugin AudioCapture
LogPluginManager: Mounting plugin CableComponent
LogPluginManager: Mounting plugin CustomMeshComponent
LogPluginManager: Mounting plugin EditableMesh
LogPluginManager: Mounting plugin ExampleDeviceProfileSelector
LogPluginManager: Mounting plugin GoogleCloudMessaging
LogPluginManager: Mounting plugin GooglePAD
LogPluginManager: Mounting plugin IOSDeviceProfileSelector
LogPluginManager: Mounting plugin LinuxDeviceProfileSelector
LogPluginManager: Mounting plugin LocationServicesBPLibrary
LogPluginManager: Mounting plugin MobilePatchingUtils
LogPluginManager: Mounting plugin OculusVR
LogPluginManager: Mounting plugin PhysXVehicles
LogPluginManager: Mounting plugin PostSplashScreen
LogPluginManager: Mounting plugin ProceduralMeshComponent
LogPluginManager: Mounting plugin RuntimePhysXCooking
LogPluginManager: Mounting plugin SignificanceManager
LogPluginManager: Mounting plugin SoundFields
LogPluginManager: Mounting plugin SteamVR
LogPluginManager: Mounting plugin Synthesis
LogPluginManager: Mounting plugin WebMMoviePlayer
LogPluginManager: Mounting plugin WindowsMoviePlayer
LogPluginManager: Mounting plugin ScreenshotTools
LogInit: Using libcurl 7.55.1-DEV
LogInit:  - built for x86_64-pc-win32
LogInit:  - supports SSL with OpenSSL/1.1.1
LogInit:  - supports HTTP deflate (compression) using libz 1.2.8
LogInit:  - other features:
LogInit:      CURL_VERSION_SSL
LogInit:      CURL_VERSION_LIBZ
LogInit:      CURL_VERSION_IPV6
LogInit:      CURL_VERSION_ASYNCHDNS
LogInit:      CURL_VERSION_LARGEFILE
LogInit:      CURL_VERSION_IDN
LogInit:  CurlRequestOptions (configurable via config and command line):
LogInit:  - bVerifyPeer = true  - Libcurl will verify peer certificate
LogInit:  - bUseHttpProxy = false  - Libcurl will NOT use HTTP proxy
LogInit:  - bDontReuseConnections = false  - Libcurl will reuse connections
LogInit:  - MaxHostConnections = 16  - Libcurl will limit the number of connections to a host
LogInit:  - LocalHostAddr = Default
LogInit:  - BufferSize = 65536
LogOnline: OSS: Creating online subsystem instance for: NULL
LogInit: WinSock: version 1.1 (2.2), MaxSocks=32767, MaxUdp=65467
LogOnline: OSS: TryLoadSubsystemAndSetDefault: Loaded subsystem for module [NULL]
LogInit: Build: ++UE4+Release-4.25-CL-13594126
LogInit: Engine Version: 4.25.1-13594126+++UE4+Release-4.25
LogInit: Compatible Engine Version: 4.25.0-13144385+++UE4+Release-4.25
LogInit: Net CL: 13144385
LogInit: OS: Windows 10 (Release 1909) (), CPU: Intel(R) Core(TM) i7-8650U CPU @ 1.90GHz, GPU: Intel(R) UHD Graphics 620
LogInit: Compiled (64-bit): Jun  2 2020 02:10:36
LogInit: Compiled with Visual C++: 19.24.28315.00
LogInit: Build Configuration: Development
LogInit: Branch Name: ++UE4+Release-4.25
LogInit: Command Line: 
LogInit: Base Directory: C:/Program Files/Epic Games/UE_4.25/Engine/Binaries/Win64/
LogInit: Allocator: TBB
LogInit: Installed Engine Build: 1
LogDevObjectVersion: Number of dev versions registered: 26
LogDevObjectVersion:   Dev-Blueprints (B0D832E4-1F89-4F0D-ACCF-7EB736FD4AA2): 10
LogDevObjectVersion:   Dev-Build (E1C64328-A22C-4D53-A36C-8E866417BD8C): 0
LogDevObjectVersion:   Dev-Core (375EC13C-06E4-48FB-B500-84F0262A717E): 4
LogDevObjectVersion:   Dev-Editor (E4B068ED-F494-42E9-A231-DA0B2E46BB41): 38
LogDevObjectVersion:   Dev-Framework (CFFC743F-43B0-4480-9391-14DF171D2073): 37
LogDevObjectVersion:   Dev-Mobile (B02B49B5-BB20-44E9-A304-32B752E40360): 2
LogDevObjectVersion:   Dev-Networking (A4E4105C-59A1-49B5-A7C5-40C4547EDFEE): 0
LogDevObjectVersion:   Dev-Online (39C831C9-5AE6-47DC-9A44-9C173E1C8E7C): 0
LogDevObjectVersion:   Dev-Physics (78F01B33-EBEA-4F98-B9B4-84EACCB95AA2): 4
LogDevObjectVersion:   Dev-Platform (6631380F-2D4D-43E0-8009-CF276956A95A): 0
LogDevObjectVersion:   Dev-Rendering (12F88B9F-8875-4AFC-A67C-D90C383ABD29): 43
LogDevObjectVersion:   Dev-Sequencer (7B5AE74C-D270-4C10-A958-57980B212A5A): 12
LogDevObjectVersion:   Dev-VR (D7296918-1DD6-4BDD-9DE2-64A83CC13884): 3
LogDevObjectVersion:   Dev-LoadTimes (C2A15278-BFE7-4AFE-6C17-90FF531DF755): 1
LogDevObjectVersion:   Private-Geometry (6EACA3D4-40EC-4CC1-B786-8BED09428FC5): 3
LogDevObjectVersion:   Dev-AnimPhys (29E575DD-E0A3-4627-9D10-D276232CDCEA): 17
LogDevObjectVersion:   Dev-Anim (AF43A65D-7FD3-4947-9873-3E8ED9C1BB05): 7
LogDevObjectVersion:   Dev-ReflectionCapture (6B266CEC-1EC7-4B8F-A30B-E4D90942FC07): 1
LogDevObjectVersion:   Dev-Automation (0DF73D61-A23F-47EA-B727-89E90C41499A): 1
LogDevObjectVersion:   FortniteMain (601D1886-AC64-4F84-AA16-D3DE0DEAC7D6): 31
LogDevObjectVersion:   Dev-Enterprise (9DFFBCD6-494F-0158-E221-12823C92A888): 10
LogDevObjectVersion:   Dev-Niagara (F2AED0AC-9AFE-416F-8664-AA7FFA26D6FC): 1
LogDevObjectVersion:   Dev-Destruction (174F1F0B-B4C6-45A5-B13F-2EE8D0FB917D): 10
LogDevObjectVersion:   Dev-Physics-Ext (35F94A83-E258-406C-A318-09F59610247C): 37
LogDevObjectVersion:   Dev-PhysicsMaterial-Chaos (B68FC16E-8B1B-42E2-B453-215C058844FE): 1
LogDevObjectVersion:   Dev-CineCamera (B2E18506-4273-CFC2-A54E-F4BB758BBA07): 1
LogInit: Presizing for max 25165824 objects, including 0 objects not considered by GC, pre-allocating 0 bytes for permanent pool.
LogConfig: Applying CVar settings from Section [/Script/Engine.StreamingSettings] File [C:/Users/brade/Documents/GitHub/Pixel-Arena/PixelArena/Saved/Config/Windows/Engine.ini]
LogConfig: Setting CVar [[s.MinBulkDataSizeForAsyncLoading:131072]]
LogConfig: Setting CVar [[s.AsyncLoadingThreadEnabled:0]]
LogConfig: Setting CVar [[s.EventDrivenLoaderEnabled:1]]
LogConfig: Setting CVar [[s.WarnIfTimeLimitExceeded:0]]
LogConfig: Setting CVar [[s.TimeLimitExceededMultiplier:1.5]]
LogConfig: Setting CVar [[s.TimeLimitExceededMinTime:0.005]]
LogConfig: Setting CVar [[s.UseBackgroundLevelStreaming:1]]
LogConfig: Setting CVar [[s.PriorityAsyncLoadingExtraTime:15.0]]
LogConfig: Setting CVar [[s.LevelStreamingActorsUpdateTimeLimit:5.0]]
LogConfig: Setting CVar [[s.PriorityLevelStreamingActorsUpdateExtraTime:5.0]]
LogConfig: Setting CVar [[s.LevelStreamingComponentsRegistrationGranularity:10]]
LogConfig: Setting CVar [[s.UnregisterComponentsTimeLimit:1.0]]
LogConfig: Setting CVar [[s.LevelStreamingComponentsUnregistrationGranularity:5]]
LogConfig: Setting CVar [[s.FlushStreamingOnExit:1]]
LogInit: Object subsystem initialized
LogConfig: Setting CVar [[con.DebugEarlyDefault:1]]
LogConfig: Setting CVar [[r.setres:1280x720]]
[2020.09.16-03.39.47:827][  0]LogConfig: Setting CVar [[r.VSync:0]]
[2020.09.16-03.39.47:827][  0]LogConfig: Setting CVar [[r.RHICmdBypass:0]]
[2020.09.16-03.39.47:827][  0]LogConfig: Applying CVar settings from Section [/Script/Engine.RendererSettings] File [C:/Users/brade/Documents/GitHub/Pixel-Arena/PixelArena/Saved/Config/Windows/Engine.ini]
[2020.09.16-03.39.47:827][  0]LogConfig: Setting CVar [[r.GPUCrashDebugging:0]]
[2020.09.16-03.39.47:827][  0]LogConfig: Setting CVar [[r.Mobile.DisableVertexFog:1]]
[2020.09.16-03.39.47:827][  0]LogConfig: Setting CVar [[r.Shadow.CSM.MaxMobileCascades:2]]
[2020.09.16-03.39.47:827][  0]LogConfig: Setting CVar [[r.MobileMSAA:1]]
[2020.09.16-03.39.47:827][  0]LogConfig: Setting CVar [[r.Mobile.UseLegacyShadingModel:0]]
[2020.09.16-03.39.47:827][  0]LogConfig: Setting CVar [[r.Mobile.AllowDitheredLODTransition:0]]
[2020.09.16-03.39.47:827][  0]LogConfig: Setting CVar [[r.Mobile.AllowSoftwareOcclusion:0]]
[2020.09.16-03.39.47:827][  0]LogConfig: Setting CVar [[r.Mobile.VirtualTextures:0]]
[2020.09.16-03.39.47:827][  0]LogConfig: Setting CVar [[r.DiscardUnusedQuality:0]]
[2020.09.16-03.39.47:827][  0]LogConfig: Setting CVar [[r.AllowOcclusionQueries:1]]
[2020.09.16-03.39.47:827][  0]LogConfig: Setting CVar [[r.MinScreenRadiusForLights:0.030000]]
[2020.09.16-03.39.47:827][  0]LogConfig: Setting CVar [[r.MinScreenRadiusForDepthPrepass:0.030000]]
[2020.09.16-03.39.47:827][  0]LogConfig: Setting CVar [[r.MinScreenRadiusForCSMDepth:0.010000]]
[2020.09.16-03.39.47:827][  0]LogConfig: Setting CVar [[r.PrecomputedVisibilityWarning:0]]
[2020.09.16-03.39.47:827][  0]LogConfig: Setting CVar [[r.TextureStreaming:1]]
[2020.09.16-03.39.47:827][  0]LogConfig: Setting CVar [[Compat.UseDXT5NormalMaps:0]]
[2020.09.16-03.39.47:827][  0]LogConfig: Setting CVar [[r.VirtualTextures:0]]
[2020.09.16-03.39.47:827][  0]LogConfig: Setting CVar [[r.VirtualTexturedLightmaps:0]]
[2020.09.16-03.39.47:827][  0]LogConfig: Setting CVar [[r.VT.TileSize:128]]
[2020.09.16-03.39.47:827][  0]LogConfig: Setting CVar [[r.VT.TileBorderSize:4]]
[2020.09.16-03.39.47:827][  0]LogConfig: Setting CVar [[r.vt.FeedbackFactor:16]]
[2020.09.16-03.39.47:827][  0]LogConfig: Setting CVar [[r.VT.EnableCompressZlib:1]]
[2020.09.16-03.39.47:827][  0]LogConfig: Setting CVar [[r.VT.EnableCompressCrunch:0]]
[2020.09.16-03.39.47:827][  0]LogConfig: Setting CVar [[r.ClearCoatNormal:0]]
[2020.09.16-03.39.47:827][  0]LogConfig: Setting CVar [[r.AnisotropicBRDF:0]]
[2020.09.16-03.39.47:827][  0]LogConfig: Setting CVar [[r.ReflectionCaptureResolution:128]]
[2020.09.16-03.39.47:827][  0]LogConfig: Setting CVar [[r.ReflectionEnvironmentLightmapMixBasedOnRoughness:1]]
[2020.09.16-03.39.47:827][  0]LogConfig: Setting CVar [[r.ForwardShading:0]]
[2020.09.16-03.39.47:827][  0]LogConfig: Setting CVar [[r.VertexFoggingForOpaque:1]]
[2020.09.16-03.39.47:827][  0]LogConfig: Setting CVar [[r.AllowStaticLighting:1]]
[2020.09.16-03.39.47:827][  0]LogConfig: Setting CVar [[r.NormalMapsForStaticLighting:0]]
[2020.09.16-03.39.47:827][  0]LogConfig: Setting CVar [[r.GenerateMeshDistanceFields:0]]
[2020.09.16-03.39.47:827][  0]LogConfig: Setting CVar [[r.DistanceFieldBuild.EightBit:0]]
[2020.09.16-03.39.47:827][  0]LogConfig: Setting CVar [[r.GenerateLandscapeGIData:0]]
[2020.09.16-03.39.47:827][  0]LogConfig: Setting CVar [[r.DistanceFieldBuild.Compress:0]]
[2020.09.16-03.39.47:827][  0]LogConfig: Setting CVar [[r.TessellationAdaptivePixelsPerTriangle:48.000000]]
[2020.09.16-03.39.47:827][  0]LogConfig: Setting CVar [[r.SeparateTranslucency:1]]
[2020.09.16-03.39.47:827][  0]LogConfig: Setting CVar [[r.TranslucentSortPolicy:0]]
[2020.09.16-03.39.47:827][  0]LogConfig: Setting CVar [[r.CustomDepth:1]]
[2020.09.16-03.39.47:827][  0]LogConfig: Setting CVar [[r.CustomDepthTemporalAAJitter:1]]
[2020.09.16-03.39.47:827][  0]LogConfig: Setting CVar [[r.PostProcessing.PropagateAlpha:0]]
[2020.09.16-03.39.47:827][  0]LogConfig: Setting CVar [[r.DefaultFeature.Bloom:1]]
[2020.09.16-03.39.47:827][  0]LogConfig: Setting CVar [[r.DefaultFeature.AmbientOcclusion:1]]
[2020.09.16-03.39.47:827][  0]LogConfig: Setting CVar [[r.DefaultFeature.AmbientOcclusionStaticFraction:1]]
[2020.09.16-03.39.47:827][  0]LogConfig: Setting CVar [[r.DefaultFeature.AutoExposure:0]]
[2020.09.16-03.39.47:827][  0]LogConfig: Setting CVar [[r.DefaultFeature.AutoExposure.Method:0]]
[2020.09.16-03.39.47:827][  0]LogConfig: Setting CVar [[r.DefaultFeature.AutoExposure.Bias:1.000000]]
[2020.09.16-03.39.47:827][  0]LogConfig: Setting CVar [[r.DefaultFeature.AutoExposure.ExtendDefaultLuminanceRange:0]]
[2020.09.16-03.39.47:827][  0]LogConfig: Setting CVar [[r.UsePreExposure:1]]
[2020.09.16-03.39.47:827][  0]LogConfig: Setting CVar [[r.EyeAdaptation.EditorOnly:0]]
[2020.09.16-03.39.47:827][  0]LogConfig: Setting CVar [[r.DefaultFeature.MotionBlur:0]]
[2020.09.16-03.39.47:827][  0]LogConfig: Setting CVar [[r.DefaultFeature.LensFlare:0]]
[2020.09.16-03.39.47:827][  0]LogConfig: Setting CVar [[r.TemporalAA.Upsampling:0]]
[2020.09.16-03.39.47:827][  0]LogConfig: Setting CVar [[r.SSGI.Enable:0]]
[2020.09.16-03.39.47:827][  0]LogConfig: Setting CVar [[r.DefaultFeature.AntiAliasing:0]]
[2020.09.16-03.39.47:827][  0]LogConfig: Setting CVar [[r.DefaultFeature.LightUnits:1]]
[2020.09.16-03.39.47:827][  0]LogConfig: Setting CVar [[r.DefaultBackBufferPixelFormat:4]]
[2020.09.16-03.39.47:827][  0]LogConfig: Setting CVar [[r.Shadow.UnbuiltPreviewInGame:1]]
[2020.09.16-03.39.47:827][  0]LogConfig: Setting CVar [[r.StencilForLODDither:0]]
[2020.09.16-03.39.47:827][  0]LogConfig: Setting CVar [[r.EarlyZPass:3]]
[2020.09.16-03.39.47:827][  0]LogConfig: Setting CVar [[r.EarlyZPassOnlyMaterialMasking:0]]
[2020.09.16-03.39.47:827][  0]LogConfig: Setting CVar [[r.DBuffer:1]]
[2020.09.16-03.39.47:827][  0]LogConfig: Setting CVar [[r.ClearSceneMethod:1]]
[2020.09.16-03.39.47:827][  0]LogConfig: Setting CVar [[r.BasePassOutputsVelocity:0]]
[2020.09.16-03.39.47:827][  0]LogConfig: Setting CVar [[r.VertexDeformationOutputsVelocity:0]]
[2020.09.16-03.39.47:827][  0]LogConfig: Setting CVar [[r.SelectiveBasePassOutputs:0]]
[2020.09.16-03.39.47:827][  0]LogConfig: Setting CVar [[fx.GPUSimulationTextureSizeX:1024]]
[2020.09.16-03.39.47:827][  0]LogConfig: Setting CVar [[fx.GPUSimulationTextureSizeY:1024]]
[2020.09.16-03.39.47:827][  0]LogConfig: Setting CVar [[r.AllowGlobalClipPlane:0]]
[2020.09.16-03.39.47:827][  0]LogConfig: Setting CVar [[r.GBufferFormat:1]]
[2020.09.16-03.39.47:827][  0]LogConfig: Setting CVar [[r.MorphTarget.Mode:1]]
[2020.09.16-03.39.47:827][  0]LogConfig: Setting CVar [[vr.InstancedStereo:0]]
[2020.09.16-03.39.47:827][  0]LogConfig: Setting CVar [[r.MobileHDR:1]]
[2020.09.16-03.39.47:828][  0]LogConfig: Setting CVar [[vr.MobileMultiView:0]]
[2020.09.16-03.39.47:828][  0]LogConfig: Setting CVar [[r.Mobile.UseHWsRGBEncoding:0]]
[2020.09.16-03.39.47:828][  0]LogConfig: Setting CVar [[vr.RoundRobinOcclusion:0]]
[2020.09.16-03.39.47:828][  0]LogConfig: Setting CVar [[vr.ODSCapture:0]]
[2020.09.16-03.39.47:828][  0]LogConfig: Setting CVar [[r.MeshStreaming:0]]
[2020.09.16-03.39.47:828][  0]LogConfig: Setting CVar [[r.WireframeCullThreshold:5.000000]]
[2020.09.16-03.39.47:828][  0]LogConfig: Setting CVar [[r.RayTracing:0]]
[2020.09.16-03.39.47:828][  0]LogConfig: Setting CVar [[r.RayTracing.UseTextureLod:0]]
[2020.09.16-03.39.47:828][  0]LogConfig: Setting CVar [[r.SupportStationarySkylight:1]]
[2020.09.16-03.39.47:828][  0]LogConfig: Setting CVar [[r.SupportLowQualityLightmaps:1]]
[2020.09.16-03.39.47:828][  0]LogConfig: Setting CVar [[r.SupportPointLightWholeSceneShadows:1]]
[2020.09.16-03.39.47:828][  0]LogConfig: Setting CVar [[r.SupportAtmosphericFog:1]]
[2020.09.16-03.39.47:828][  0]LogConfig: Setting CVar [[r.SupportSkyAtmosphere:1]]
[2020.09.16-03.39.47:828][  0]LogConfig: Setting CVar [[r.SupportSkyAtmosphereAffectsHeightFog:0]]
[2020.09.16-03.39.47:828][  0]LogConfig: Setting CVar [[r.SkinCache.CompileShaders:0]]
[2020.09.16-03.39.47:828][  0]LogConfig: Setting CVar [[r.SkinCache.DefaultBehavior:1]]
[2020.09.16-03.39.47:828][  0]LogConfig: Setting CVar [[r.SkinCache.SceneMemoryLimitInMB:128.000000]]
[2020.09.16-03.39.47:828][  0]LogConfig: Setting CVar [[r.Mobile.EnableStaticAndCSMShadowReceivers:1]]
[2020.09.16-03.39.47:828][  0]LogConfig: Setting CVar [[r.Mobile.EnableMovableLightCSMShaderCulling:1]]
[2020.09.16-03.39.47:828][  0]LogConfig: Setting CVar [[r.Mobile.AllowDistanceFieldShadows:1]]
[2020.09.16-03.39.47:828][  0]LogConfig: Setting CVar [[r.Mobile.AllowMovableDirectionalLights:1]]
[2020.09.16-03.39.47:828][  0]LogConfig: Setting CVar [[r.MobileNumDynamicPointLights:4]]
[2020.09.16-03.39.47:828][  0]LogConfig: Setting CVar [[r.MobileDynamicPointLightsUseStaticBranch:1]]
[2020.09.16-03.39.47:828][  0]LogConfig: Setting CVar [[r.Mobile.EnableMovableSpotlights:0]]
[2020.09.16-03.39.47:828][  0]LogConfig: Setting CVar [[r.GPUSkin.Support16BitBoneIndex:0]]
[2020.09.16-03.39.47:828][  0]LogConfig: Setting CVar [[r.GPUSkin.Limit2BoneInfluences:0]]
[2020.09.16-03.39.47:828][  0]LogConfig: Setting CVar [[r.SupportDepthOnlyIndexBuffers:1]]
[2020.09.16-03.39.47:828][  0]LogConfig: Setting CVar [[r.SupportReversedIndexBuffers:1]]
[2020.09.16-03.39.47:828][  0]LogConfig: Setting CVar [[r.SupportMaterialLayers:0]]
[2020.09.16-03.39.47:828][  0]LogConfig: Setting CVar [[r.LightPropagationVolume:0]]
[2020.09.16-03.39.47:828][  0]LogConfig: Applying CVar settings from Section [/Script/Engine.RendererOverrideSettings] File [C:/Users/brade/Documents/GitHub/Pixel-Arena/PixelArena/Saved/Config/Windows/Engine.ini]
[2020.09.16-03.39.47:828][  0]LogConfig: Applying CVar settings from Section [/Script/Engine.StreamingSettings] File [C:/Users/brade/Documents/GitHub/Pixel-Arena/PixelArena/Saved/Config/Windows/Engine.ini]
[2020.09.16-03.39.47:828][  0]LogConfig: Setting CVar [[s.MinBulkDataSizeForAsyncLoading:131072]]
[2020.09.16-03.39.47:828][  0]LogConfig: Setting CVar [[s.AsyncLoadingThreadEnabled:0]]
[2020.09.16-03.39.47:828][  0]LogConfig: Setting CVar [[s.EventDrivenLoaderEnabled:1]]
[2020.09.16-03.39.47:828][  0]LogConfig: Setting CVar [[s.WarnIfTimeLimitExceeded:0]]
[2020.09.16-03.39.47:828][  0]LogConfig: Setting CVar [[s.TimeLimitExceededMultiplier:1.5]]
[2020.09.16-03.39.47:828][  0]LogConfig: Setting CVar [[s.TimeLimitExceededMinTime:0.005]]
[2020.09.16-03.39.47:828][  0]LogConfig: Setting CVar [[s.UseBackgroundLevelStreaming:1]]
[2020.09.16-03.39.47:828][  0]LogConfig: Setting CVar [[s.PriorityAsyncLoadingExtraTime:15.0]]
[2020.09.16-03.39.47:828][  0]LogConfig: Setting CVar [[s.LevelStreamingActorsUpdateTimeLimit:5.0]]
[2020.09.16-03.39.47:828][  0]LogConfig: Setting CVar [[s.PriorityLevelStreamingActorsUpdateExtraTime:5.0]]
[2020.09.16-03.39.47:828][  0]LogConfig: Setting CVar [[s.LevelStreamingComponentsRegistrationGranularity:10]]
[2020.09.16-03.39.47:828][  0]LogConfig: Setting CVar [[s.UnregisterComponentsTimeLimit:1.0]]
[2020.09.16-03.39.47:828][  0]LogConfig: Setting CVar [[s.LevelStreamingComponentsUnregistrationGranularity:5]]
[2020.09.16-03.39.47:828][  0]LogConfig: Setting CVar [[s.FlushStreamingOnExit:1]]
[2020.09.16-03.39.47:828][  0]LogConfig: Applying CVar settings from Section [/Script/Engine.GarbageCollectionSettings] File [C:/Users/brade/Documents/GitHub/Pixel-Arena/PixelArena/Saved/Config/Windows/Engine.ini]
[2020.09.16-03.39.47:828][  0]LogConfig: Setting CVar [[gc.MaxObjectsNotConsideredByGC:1]]
[2020.09.16-03.39.47:828][  0]LogConfig: Setting CVar [[gc.SizeOfPermanentObjectPool:0]]
[2020.09.16-03.39.47:828][  0]LogConfig: Setting CVar [[gc.FlushStreamingOnGC:0]]
[2020.09.16-03.39.47:828][  0]LogConfig: Setting CVar [[gc.NumRetriesBeforeForcingGC:10]]
[2020.09.16-03.39.47:828][  0]LogConfig: Setting CVar [[gc.AllowParallelGC:1]]
[2020.09.16-03.39.47:828][  0]LogConfig: Setting CVar [[gc.TimeBetweenPurgingPendingKillObjects:61.1]]
[2020.09.16-03.39.47:828][  0]LogConfig: Setting CVar [[gc.MaxObjectsInEditor:25165824]]
[2020.09.16-03.39.47:828][  0]LogConfig: Setting CVar [[gc.IncrementalBeginDestroyEnabled:1]]
[2020.09.16-03.39.47:828][  0]LogConfig: Setting CVar [[gc.CreateGCClusters:1]]
[2020.09.16-03.39.47:828][  0]LogConfig: Setting CVar [[gc.MinGCClusterSize:5]]
[2020.09.16-03.39.47:828][  0]LogConfig: Setting CVar [[gc.ActorClusteringEnabled:0]]
[2020.09.16-03.39.47:828][  0]LogConfig: Setting CVar [[gc.BlueprintClusteringEnabled:0]]
[2020.09.16-03.39.47:828][  0]LogConfig: Setting CVar [[gc.UseDisregardForGCOnDedicatedServers:0]]
[2020.09.16-03.39.47:828][  0]LogConfig: Applying CVar settings from Section [/Script/Engine.NetworkSettings] File [C:/Users/brade/Documents/GitHub/Pixel-Arena/PixelArena/Saved/Config/Windows/Engine.ini]
[2020.09.16-03.39.47:828][  0]LogConfig: Applying CVar settings from Section [/Script/UnrealEd.CookerSettings] File [C:/Users/brade/Documents/GitHub/Pixel-Arena/PixelArena/Saved/Config/Windows/Engine.ini]
[2020.09.16-03.39.47:836][  0]LogConfig: Applying CVar settings from Section [ViewDistanceQuality@3] File [C:/Users/brade/Documents/GitHub/Pixel-Arena/PixelArena/Saved/Config/Windows/Scalability.ini]
[2020.09.16-03.39.47:836][  0]LogConfig: Setting CVar [[r.SkeletalMeshLODBias:0]]
[2020.09.16-03.39.47:836][  0]LogConfig: Setting CVar [[r.ViewDistanceScale:1.0]]
[2020.09.16-03.39.47:836][  0]LogConfig: Applying CVar settings from Section [AntiAliasingQuality@3] File [C:/Users/brade/Documents/GitHub/Pixel-Arena/PixelArena/Saved/Config/Windows/Scalability.ini]
[2020.09.16-03.39.47:837][  0]LogConfig: Setting CVar [[r.PostProcessAAQuality:4]]
[2020.09.16-03.39.47:837][  0]LogConfig: Applying CVar settings from Section [ShadowQuality@3] File [C:/Users/brade/Documents/GitHub/Pixel-Arena/PixelArena/Saved/Config/Windows/Scalability.ini]
[2020.09.16-03.39.47:837][  0]LogConfig: Setting CVar [[r.LightFunctionQuality:1]]
[2020.09.16-03.39.47:837][  0]LogConfig: Setting CVar [[r.ShadowQuality:5]]
[2020.09.16-03.39.47:837][  0]LogConfig: Setting CVar [[r.Shadow.CSM.MaxCascades:10]]
[2020.09.16-03.39.47:837][  0]LogConfig: Setting CVar [[r.Shadow.MaxResolution:2048]]
[2020.09.16-03.39.47:837][  0]LogConfig: Setting CVar [[r.Shadow.MaxCSMResolution:2048]]
[2020.09.16-03.39.47:837][  0]LogConfig: Setting CVar [[r.Shadow.RadiusThreshold:0.01]]
[2020.09.16-03.39.47:837][  0]LogConfig: Setting CVar [[r.Shadow.DistanceScale:1.0]]
[2020.09.16-03.39.47:837][  0]LogConfig: Setting CVar [[r.Shadow.CSM.TransitionScale:1.0]]
[2020.09.16-03.39.47:837][  0]LogConfig: Setting CVar [[r.Shadow.PreShadowResolutionFactor:1.0]]
[2020.09.16-03.39.47:837][  0]LogConfig: Setting CVar [[r.DistanceFieldShadowing:1]]
[2020.09.16-03.39.47:837][  0]LogConfig: Setting CVar [[r.DistanceFieldAO:1]]
[2020.09.16-03.39.47:837][  0]LogConfig: Setting CVar [[r.AOQuality:2]]
[2020.09.16-03.39.47:837][  0]LogConfig: Setting CVar [[r.VolumetricFog:1]]
[2020.09.16-03.39.47:837][  0]LogConfig: Setting CVar [[r.VolumetricFog.GridPixelSize:8]]
[2020.09.16-03.39.47:837][  0]LogConfig: Setting CVar [[r.VolumetricFog.GridSizeZ:128]]
[2020.09.16-03.39.47:837][  0]LogConfig: Setting CVar [[r.VolumetricFog.HistoryMissSupersampleCount:4]]
[2020.09.16-03.39.47:837][  0]LogConfig: Setting CVar [[r.LightMaxDrawDistanceScale:1]]
[2020.09.16-03.39.47:837][  0]LogConfig: Setting CVar [[r.CapsuleShadows:1]]
[2020.09.16-03.39.47:837][  0]LogConfig: Applying CVar settings from Section [PostProcessQuality@3] File [C:/Users/brade/Documents/GitHub/Pixel-Arena/PixelArena/Saved/Config/Windows/Scalability.ini]
[2020.09.16-03.39.47:837][  0]LogConfig: Setting CVar [[r.MotionBlurQuality:4]]
[2020.09.16-03.39.47:837][  0]LogConfig: Setting CVar [[r.AmbientOcclusionMipLevelFactor:0.4]]
[2020.09.16-03.39.47:837][  0]LogConfig: Setting CVar [[r.AmbientOcclusionMaxQuality:100]]
[2020.09.16-03.39.47:837][  0]LogConfig: Setting CVar [[r.AmbientOcclusionLevels:-1]]
[2020.09.16-03.39.47:837][  0]LogConfig: Setting CVar [[r.AmbientOcclusionRadiusScale:1.0]]
[2020.09.16-03.39.47:837][  0]LogConfig: Setting CVar [[r.DepthOfFieldQuality:2]]
[2020.09.16-03.39.47:837][  0]LogConfig: Setting CVar [[r.RenderTargetPoolMin:400]]
[2020.09.16-03.39.47:837][  0]LogConfig: Setting CVar [[r.LensFlareQuality:2]]
[2020.09.16-03.39.47:837][  0]LogConfig: Setting CVar [[r.SceneColorFringeQuality:1]]
[2020.09.16-03.39.47:838][  0]LogConfig: Setting CVar [[r.EyeAdaptationQuality:2]]
[2020.09.16-03.39.47:838][  0]LogConfig: Setting CVar [[r.BloomQuality:5]]
[2020.09.16-03.39.47:838][  0]LogConfig: Setting CVar [[r.FastBlurThreshold:100]]
[2020.09.16-03.39.47:838][  0]LogConfig: Setting CVar [[r.Upscale.Quality:3]]
[2020.09.16-03.39.47:838][  0]LogConfig: Setting CVar [[r.Tonemapper.GrainQuantization:1]]
[2020.09.16-03.39.47:838][  0]LogConfig: Setting CVar [[r.LightShaftQuality:1]]
[2020.09.16-03.39.47:838][  0]LogConfig: Setting CVar [[r.Filter.SizeScale:1]]
[2020.09.16-03.39.47:838][  0]LogConfig: Setting CVar [[r.Tonemapper.Quality:5]]
[2020.09.16-03.39.47:838][  0]LogConfig: Setting CVar [[r.DOF.Gather.AccumulatorQuality:1        ; higher gathering accumulator quality]]
[2020.09.16-03.39.47:838][  0]LogConfig: Setting CVar [[r.DOF.Gather.PostfilterMethod:1          ; Median3x3 postfilering method]]
[2020.09.16-03.39.47:838][  0]LogConfig: Setting CVar [[r.DOF.Gather.EnableBokehSettings:0       ; no bokeh simulation when gathering]]
[2020.09.16-03.39.47:838][  0]LogConfig: Setting CVar [[r.DOF.Gather.RingCount:4                 ; medium number of samples when gathering]]
[2020.09.16-03.39.47:838][  0]LogConfig: Setting CVar [[r.DOF.Scatter.ForegroundCompositing:1    ; additive foreground scattering]]
[2020.09.16-03.39.47:838][  0]LogConfig: Setting CVar [[r.DOF.Scatter.BackgroundCompositing:2    ; additive background scattering]]
[2020.09.16-03.39.47:838][  0]LogConfig: Setting CVar [[r.DOF.Scatter.EnableBokehSettings:1      ; bokeh simulation when scattering]]
[2020.09.16-03.39.47:838][  0]LogConfig: Setting CVar [[r.DOF.Scatter.MaxSpriteRatio:0.1         ; only a maximum of 10% of scattered bokeh]]
[2020.09.16-03.39.47:838][  0]LogConfig: Setting CVar [[r.DOF.Recombine.Quality:1                ; cheap slight out of focus]]
[2020.09.16-03.39.47:838][  0]LogConfig: Setting CVar [[r.DOF.Recombine.EnableBokehSettings:0    ; no bokeh simulation on slight out of focus]]
[2020.09.16-03.39.47:838][  0]LogConfig: Setting CVar [[r.DOF.TemporalAAQuality:1                ; more stable temporal accumulation]]
[2020.09.16-03.39.47:838][  0]LogConfig: Setting CVar [[r.DOF.Kernel.MaxForegroundRadius:0.025]]
[2020.09.16-03.39.47:838][  0]LogConfig: Setting CVar [[r.DOF.Kernel.MaxBackgroundRadius:0.025]]
[2020.09.16-03.39.47:838][  0]LogConfig: Applying CVar settings from Section [TextureQuality@3] File [C:/Users/brade/Documents/GitHub/Pixel-Arena/PixelArena/Saved/Config/Windows/Scalability.ini]
[2020.09.16-03.39.47:838][  0]LogConfig: Setting CVar [[r.Streaming.MipBias:0]]
[2020.09.16-03.39.47:838][  0]LogConfig: Setting CVar [[r.Streaming.AmortizeCPUToGPUCopy:0]]
[2020.09.16-03.39.47:838][  0]LogConfig: Setting CVar [[r.Streaming.MaxNumTexturesToStreamPerFrame:0]]
[2020.09.16-03.39.47:838][  0]LogConfig: Setting CVar [[r.Streaming.Boost:1]]
[2020.09.16-03.39.47:838][  0]LogConfig: Setting CVar [[r.MaxAnisotropy:8]]
[2020.09.16-03.39.47:838][  0]LogConfig: Setting CVar [[r.VT.MaxAnisotropy:8]]
[2020.09.16-03.39.47:838][  0]LogConfig: Setting CVar [[r.Streaming.LimitPoolSizeToVRAM:0]]
[2020.09.16-03.39.47:838][  0]LogConfig: Setting CVar [[r.Streaming.PoolSize:1000]]
[2020.09.16-03.39.47:838][  0]LogConfig: Setting CVar [[r.Streaming.MaxEffectiveScreenSize:0]]
[2020.09.16-03.39.47:838][  0]LogConfig: Applying CVar settings from Section [EffectsQuality@3] File [C:/Users/brade/Documents/GitHub/Pixel-Arena/PixelArena/Saved/Config/Windows/Scalability.ini]
[2020.09.16-03.39.47:838][  0]LogConfig: Setting CVar [[r.TranslucencyLightingVolumeDim:64]]
[2020.09.16-03.39.47:838][  0]LogConfig: Setting CVar [[r.RefractionQuality:2]]
[2020.09.16-03.39.47:838][  0]LogConfig: Setting CVar [[r.SSR.Quality:3]]
[2020.09.16-03.39.47:838][  0]LogConfig: Setting CVar [[r.SSR.HalfResSceneColor:0]]
[2020.09.16-03.39.47:838][  0]LogConfig: Setting CVar [[r.SceneColorFormat:4]]
[2020.09.16-03.39.47:838][  0]LogConfig: Setting CVar [[r.DetailMode:2]]
[2020.09.16-03.39.47:838][  0]LogConfig: Setting CVar [[r.TranslucencyVolumeBlur:1]]
[2020.09.16-03.39.47:839][  0]LogConfig: Setting CVar [[r.MaterialQualityLevel:1 ; High quality]]
[2020.09.16-03.39.47:839][  0]LogConfig: Setting CVar [[r.SSS.Scale:1]]
[2020.09.16-03.39.47:839][  0]LogConfig: Setting CVar [[r.SSS.SampleSet:2]]
[2020.09.16-03.39.47:839][  0]LogConfig: Setting CVar [[r.SSS.Quality:1]]
[2020.09.16-03.39.47:839][  0]LogConfig: Setting CVar [[r.SSS.HalfRes:0]]
[2020.09.16-03.39.47:839][  0]LogConfig: Setting CVar [[r.SSGI.Quality:3]]
[2020.09.16-03.39.47:839][  0]LogConfig: Setting CVar [[r.EmitterSpawnRateScale:1.0]]
[2020.09.16-03.39.47:839][  0]LogConfig: Setting CVar [[r.ParticleLightQuality:2]]
[2020.09.16-03.39.47:839][  0]LogConfig: Setting CVar [[r.SkyAtmosphere.AerialPerspectiveLUT.FastApplyOnOpaque:1 ; Always have FastSkyLUT 1 in this case to avoid wrong sky]]
[2020.09.16-03.39.47:839][  0]LogConfig: Setting CVar [[r.SkyAtmosphere.AerialPerspectiveLUT.SampleCountPerSlice:1]]
[2020.09.16-03.39.47:839][  0]LogConfig: Setting CVar [[r.SkyAtmosphere.AerialPerspectiveLUT.DepthResolution:16.0]]
[2020.09.16-03.39.47:839][  0]LogConfig: Setting CVar [[r.SkyAtmosphere.FastSkyLUT:1]]
[2020.09.16-03.39.47:839][  0]LogConfig: Setting CVar [[r.SkyAtmosphere.FastSkyLUT.SampleCountMin:4.0]]
[2020.09.16-03.39.47:839][  0]LogConfig: Setting CVar [[r.SkyAtmosphere.FastSkyLUT.SampleCountMax:32.0]]
[2020.09.16-03.39.47:839][  0]LogConfig: Setting CVar [[r.SkyAtmosphere.SampleCountMin:4.0]]
[2020.09.16-03.39.47:839][  0]LogConfig: Setting CVar [[r.SkyAtmosphere.SampleCountMax:32.0]]
[2020.09.16-03.39.47:839][  0]LogConfig: Setting CVar [[r.SkyAtmosphere.TransmittanceLUT.UseSmallFormat:0]]
[2020.09.16-03.39.47:839][  0]LogConfig: Setting CVar [[r.SkyAtmosphere.TransmittanceLUT.SampleCount:10.0]]
[2020.09.16-03.39.47:839][  0]LogConfig: Setting CVar [[r.SkyAtmosphere.MultiScatteringLUT.SampleCount:15.0]]
[2020.09.16-03.39.47:839][  0]LogConfig: Applying CVar settings from Section [FoliageQuality@3] File [C:/Users/brade/Documents/GitHub/Pixel-Arena/PixelArena/Saved/Config/Windows/Scalability.ini]
[2020.09.16-03.39.47:839][  0]LogConfig: Setting CVar [[foliage.DensityScale:1.0]]
[2020.09.16-03.39.47:839][  0]LogConfig: Setting CVar [[grass.DensityScale:1.0]]
[2020.09.16-03.39.47:839][  0]LogConfig: Applying CVar settings from Section [ShadingQuality@3] File [C:/Users/brade/Documents/GitHub/Pixel-Arena/PixelArena/Saved/Config/Windows/Scalability.ini]
[2020.09.16-03.39.47:839][  0]LogConfig: Setting CVar [[r.HairStrands.SkyLighting.SampleCount:16]]
[2020.09.16-03.39.47:839][  0]LogConfig: Setting CVar [[r.HairStrands.SkyLighting.JitterIntegration:0]]
[2020.09.16-03.39.47:839][  0]LogConfig: Setting CVar [[r.HairStrands.SkyAO.SampleCount:16]]
[2020.09.16-03.39.47:839][  0]LogConfig: Setting CVar [[r.HairStrands.DeepShadow.SuperSampling:0]]
[2020.09.16-03.39.47:839][  0]LogConfig: Setting CVar [[r.HairStrands.VisibilityPPLL:0]]
[2020.09.16-03.39.47:839][  0]LogConfig: Setting CVar [[r.HairStrands.RasterizationScale:0.5]]
[2020.09.16-03.39.47:839][  0]LogConfig: Setting CVar [[r.HairStrands.VelocityRasterizationScale:1]]
[2020.09.16-03.39.47:839][  0]LogInit: Selected Device Profile: [Windows]
[2020.09.16-03.39.47:839][  0]LogInit: Applying CVar settings loaded from the selected device profile: [Windows]
[2020.09.16-03.39.47:840][  0]LogHAL: Display: Platform has ~ 8 GB [8507478016 / 8589934592 / 8], which maps to Default [LargestMinGB=32, LargerMinGB=12, DefaultMinGB=8, SmallerMinGB=6, SmallestMinGB=0)
[2020.09.16-03.39.47:840][  0]LogInit: Going up to parent DeviceProfile []
[2020.09.16-03.39.47:840][  0]LogConfig: Applying CVar settings from Section [ViewDistanceQuality@3] File [C:/Users/brade/Documents/GitHub/Pixel-Arena/PixelArena/Saved/Config/Windows/Scalability.ini]
[2020.09.16-03.39.47:840][  0]LogConfig: Setting CVar [[r.SkeletalMeshLODBias:0]]
[2020.09.16-03.39.47:840][  0]LogConfig: Setting CVar [[r.ViewDistanceScale:1.0]]
[2020.09.16-03.39.47:840][  0]LogConfig: Applying CVar settings from Section [AntiAliasingQuality@3] File [C:/Users/brade/Documents/GitHub/Pixel-Arena/PixelArena/Saved/Config/Windows/Scalability.ini]
[2020.09.16-03.39.47:840][  0]LogConfig: Setting CVar [[r.PostProcessAAQuality:4]]
[2020.09.16-03.39.47:840][  0]LogConfig: Applying CVar settings from Section [ShadowQuality@3] File [C:/Users/brade/Documents/GitHub/Pixel-Arena/PixelArena/Saved/Config/Windows/Scalability.ini]
[2020.09.16-03.39.47:840][  0]LogConfig: Setting CVar [[r.LightFunctionQuality:1]]
[2020.09.16-03.39.47:840][  0]LogConfig: Setting CVar [[r.ShadowQuality:5]]
[2020.09.16-03.39.47:840][  0]LogConfig: Setting CVar [[r.Shadow.CSM.MaxCascades:10]]
[2020.09.16-03.39.47:840][  0]LogConfig: Setting CVar [[r.Shadow.MaxResolution:2048]]
[2020.09.16-03.39.47:841][  0]LogConfig: Setting CVar [[r.Shadow.MaxCSMResolution:2048]]
[2020.09.16-03.39.47:841][  0]LogConfig: Setting CVar [[r.Shadow.RadiusThreshold:0.01]]
[2020.09.16-03.39.47:841][  0]LogConfig: Setting CVar [[r.Shadow.DistanceScale:1.0]]
[2020.09.16-03.39.47:841][  0]LogConfig: Setting CVar [[r.Shadow.CSM.TransitionScale:1.0]]
[2020.09.16-03.39.47:841][  0]LogConfig: Setting CVar [[r.Shadow.PreShadowResolutionFactor:1.0]]
[2020.09.16-03.39.47:841][  0]LogConfig: Setting CVar [[r.DistanceFieldShadowing:1]]
[2020.09.16-03.39.47:841][  0]LogConfig: Setting CVar [[r.DistanceFieldAO:1]]
[2020.09.16-03.39.47:841][  0]LogConfig: Setting CVar [[r.AOQuality:2]]
[2020.09.16-03.39.47:841][  0]LogConfig: Setting CVar [[r.VolumetricFog:1]]
[2020.09.16-03.39.47:841][  0]LogConfig: Setting CVar [[r.VolumetricFog.GridPixelSize:8]]
[2020.09.16-03.39.47:841][  0]LogConfig: Setting CVar [[r.VolumetricFog.GridSizeZ:128]]
[2020.09.16-03.39.47:841][  0]LogConfig: Setting CVar [[r.VolumetricFog.HistoryMissSupersampleCount:4]]
[2020.09.16-03.39.47:841][  0]LogConfig: Setting CVar [[r.LightMaxDrawDistanceScale:1]]
[2020.09.16-03.39.47:841][  0]LogConfig: Setting CVar [[r.CapsuleShadows:1]]
[2020.09.16-03.39.47:841][  0]LogConfig: Applying CVar settings from Section [PostProcessQuality@3] File [C:/Users/brade/Documents/GitHub/Pixel-Arena/PixelArena/Saved/Config/Windows/Scalability.ini]
[2020.09.16-03.39.47:841][  0]LogConfig: Setting CVar [[r.MotionBlurQuality:4]]
[2020.09.16-03.39.47:841][  0]LogConfig: Setting CVar [[r.AmbientOcclusionMipLevelFactor:0.4]]
[2020.09.16-03.39.47:841][  0]LogConfig: Setting CVar [[r.AmbientOcclusionMaxQuality:100]]
[2020.09.16-03.39.47:841][  0]LogConfig: Setting CVar [[r.AmbientOcclusionLevels:-1]]
[2020.09.16-03.39.47:841][  0]LogConfig: Setting CVar [[r.AmbientOcclusionRadiusScale:1.0]]
[2020.09.16-03.39.47:841][  0]LogConfig: Setting CVar [[r.DepthOfFieldQuality:2]]
[2020.09.16-03.39.47:841][  0]LogConfig: Setting CVar [[r.RenderTargetPoolMin:400]]
[2020.09.16-03.39.47:841][  0]LogConfig: Setting CVar [[r.LensFlareQuality:2]]
[2020.09.16-03.39.47:841][  0]LogConfig: Setting CVar [[r.SceneColorFringeQuality:1]]
[2020.09.16-03.39.47:841][  0]LogConfig: Setting CVar [[r.EyeAdaptationQuality:2]]
[2020.09.16-03.39.47:841][  0]LogConfig: Setting CVar [[r.BloomQuality:5]]
[2020.09.16-03.39.47:841][  0]LogConfig: Setting CVar [[r.FastBlurThreshold:100]]
[2020.09.16-03.39.47:841][  0]LogConfig: Setting CVar [[r.Upscale.Quality:3]]
[2020.09.16-03.39.47:841][  0]LogConfig: Setting CVar [[r.Tonemapper.GrainQuantization:1]]
[2020.09.16-03.39.47:841][  0]LogConfig: Setting CVar [[r.LightShaftQuality:1]]
[2020.09.16-03.39.47:841][  0]LogConfig: Setting CVar [[r.Filter.SizeScale:1]]
[2020.09.16-03.39.47:841][  0]LogConfig: Setting CVar [[r.Tonemapper.Quality:5]]
[2020.09.16-03.39.47:841][  0]LogConfig: Setting CVar [[r.DOF.Gather.AccumulatorQuality:1        ; higher gathering accumulator quality]]
[2020.09.16-03.39.47:841][  0]LogConfig: Setting CVar [[r.DOF.Gather.PostfilterMethod:1          ; Median3x3 postfilering method]]
[2020.09.16-03.39.47:841][  0]LogConfig: Setting CVar [[r.DOF.Gather.EnableBokehSettings:0       ; no bokeh simulation when gathering]]
[2020.09.16-03.39.47:841][  0]LogConfig: Setting CVar [[r.DOF.Gather.RingCount:4                 ; medium number of samples when gathering]]
[2020.09.16-03.39.47:841][  0]LogConfig: Setting CVar [[r.DOF.Scatter.ForegroundCompositing:1    ; additive foreground scattering]]
[2020.09.16-03.39.47:841][  0]LogConfig: Setting CVar [[r.DOF.Scatter.BackgroundCompositing:2    ; additive background scattering]]
[2020.09.16-03.39.47:841][  0]LogConfig: Setting CVar [[r.DOF.Scatter.EnableBokehSettings:1      ; bokeh simulation when scattering]]
[2020.09.16-03.39.47:841][  0]LogConfig: Setting CVar [[r.DOF.Scatter.MaxSpriteRatio:0.1         ; only a maximum of 10% of scattered bokeh]]
[2020.09.16-03.39.47:841][  0]LogConfig: Setting CVar [[r.DOF.Recombine.Quality:1                ; cheap slight out of focus]]
[2020.09.16-03.39.47:841][  0]LogConfig: Setting CVar [[r.DOF.Recombine.EnableBokehSettings:0    ; no bokeh simulation on slight out of focus]]
[2020.09.16-03.39.47:841][  0]LogConfig: Setting CVar [[r.DOF.TemporalAAQuality:1                ; more stable temporal accumulation]]
[2020.09.16-03.39.47:841][  0]LogConfig: Setting CVar [[r.DOF.Kernel.MaxForegroundRadius:0.025]]
[2020.09.16-03.39.47:842][  0]LogConfig: Setting CVar [[r.DOF.Kernel.MaxBackgroundRadius:0.025]]
[2020.09.16-03.39.47:842][  0]LogConfig: Applying CVar settings from Section [TextureQuality@3] File [C:/Users/brade/Documents/GitHub/Pixel-Arena/PixelArena/Saved/Config/Windows/Scalability.ini]
[2020.09.16-03.39.47:842][  0]LogConfig: Setting CVar [[r.Streaming.MipBias:0]]
[2020.09.16-03.39.47:842][  0]LogConfig: Setting CVar [[r.Streaming.AmortizeCPUToGPUCopy:0]]
[2020.09.16-03.39.47:842][  0]LogConfig: Setting CVar [[r.Streaming.MaxNumTexturesToStreamPerFrame:0]]
[2020.09.16-03.39.47:842][  0]LogConfig: Setting CVar [[r.Streaming.Boost:1]]
[2020.09.16-03.39.47:842][  0]LogConfig: Setting CVar [[r.MaxAnisotropy:8]]
[2020.09.16-03.39.47:842][  0]LogConfig: Setting CVar [[r.VT.MaxAnisotropy:8]]
[2020.09.16-03.39.47:842][  0]LogConfig: Setting CVar [[r.Streaming.LimitPoolSizeToVRAM:0]]
[2020.09.16-03.39.47:842][  0]LogConfig: Setting CVar [[r.Streaming.PoolSize:1000]]
[2020.09.16-03.39.47:842][  0]LogConfig: Setting CVar [[r.Streaming.MaxEffectiveScreenSize:0]]
[2020.09.16-03.39.47:842][  0]LogConfig: Applying CVar settings from Section [EffectsQuality@3] File [C:/Users/brade/Documents/GitHub/Pixel-Arena/PixelArena/Saved/Config/Windows/Scalability.ini]
[2020.09.16-03.39.47:842][  0]LogConfig: Setting CVar [[r.TranslucencyLightingVolumeDim:64]]
[2020.09.16-03.39.47:842][  0]LogConfig: Setting CVar [[r.RefractionQuality:2]]
[2020.09.16-03.39.47:842][  0]LogConfig: Setting CVar [[r.SSR.Quality:3]]
[2020.09.16-03.39.47:842][  0]LogConfig: Setting CVar [[r.SSR.HalfResSceneColor:0]]
[2020.09.16-03.39.47:842][  0]LogConfig: Setting CVar [[r.SceneColorFormat:4]]
[2020.09.16-03.39.47:842][  0]LogConfig: Setting CVar [[r.DetailMode:2]]
[2020.09.16-03.39.47:842][  0]LogConfig: Setting CVar [[r.TranslucencyVolumeBlur:1]]
[2020.09.16-03.39.47:842][  0]LogConfig: Setting CVar [[r.MaterialQualityLevel:1 ; High quality]]
[2020.09.16-03.39.47:842][  0]LogConfig: Setting CVar [[r.SSS.Scale:1]]
[2020.09.16-03.39.47:842][  0]LogConfig: Setting CVar [[r.SSS.SampleSet:2]]
[2020.09.16-03.39.47:842][  0]LogConfig: Setting CVar [[r.SSS.Quality:1]]
[2020.09.16-03.39.47:842][  0]LogConfig: Setting CVar [[r.SSS.HalfRes:0]]
[2020.09.16-03.39.47:842][  0]LogConfig: Setting CVar [[r.SSGI.Quality:3]]
[2020.09.16-03.39.47:842][  0]LogConfig: Setting CVar [[r.EmitterSpawnRateScale:1.0]]
[2020.09.16-03.39.47:842][  0]LogConfig: Setting CVar [[r.ParticleLightQuality:2]]
[2020.09.16-03.39.47:842][  0]LogConfig: Setting CVar [[r.SkyAtmosphere.AerialPerspectiveLUT.FastApplyOnOpaque:1 ; Always have FastSkyLUT 1 in this case to avoid wrong sky]]
[2020.09.16-03.39.47:842][  0]LogConfig: Setting CVar [[r.SkyAtmosphere.AerialPerspectiveLUT.SampleCountPerSlice:1]]
[2020.09.16-03.39.47:842][  0]LogConfig: Setting CVar [[r.SkyAtmosphere.AerialPerspectiveLUT.DepthResolution:16.0]]
[2020.09.16-03.39.47:842][  0]LogConfig: Setting CVar [[r.SkyAtmosphere.FastSkyLUT:1]]
[2020.09.16-03.39.47:842][  0]LogConfig: Setting CVar [[r.SkyAtmosphere.FastSkyLUT.SampleCountMin:4.0]]
[2020.09.16-03.39.47:842][  0]LogConfig: Setting CVar [[r.SkyAtmosphere.FastSkyLUT.SampleCountMax:32.0]]
[2020.09.16-03.39.47:842][  0]LogConfig: Setting CVar [[r.SkyAtmosphere.SampleCountMin:4.0]]
[2020.09.16-03.39.47:842][  0]LogConfig: Setting CVar [[r.SkyAtmosphere.SampleCountMax:32.0]]
[2020.09.16-03.39.47:842][  0]LogConfig: Setting CVar [[r.SkyAtmosphere.TransmittanceLUT.UseSmallFormat:0]]
[2020.09.16-03.39.47:842][  0]LogConfig: Setting CVar [[r.SkyAtmosphere.TransmittanceLUT.SampleCount:10.0]]
[2020.09.16-03.39.47:842][  0]LogConfig: Setting CVar [[r.SkyAtmosphere.MultiScatteringLUT.SampleCount:15.0]]
[2020.09.16-03.39.47:842][  0]LogConfig: Applying CVar settings from Section [FoliageQuality@3] File [C:/Users/brade/Documents/GitHub/Pixel-Arena/PixelArena/Saved/Config/Windows/Scalability.ini]
[2020.09.16-03.39.47:842][  0]LogConfig: Setting CVar [[foliage.DensityScale:1.0]]
[2020.09.16-03.39.47:842][  0]LogConfig: Setting CVar [[grass.DensityScale:1.0]]
[2020.09.16-03.39.47:842][  0]LogConfig: Applying CVar settings from Section [ShadingQuality@3] File [C:/Users/brade/Documents/GitHub/Pixel-Arena/PixelArena/Saved/Config/Windows/Scalability.ini]
[2020.09.16-03.39.47:842][  0]LogConfig: Setting CVar [[r.HairStrands.SkyLighting.SampleCount:16]]
[2020.09.16-03.39.47:842][  0]LogConfig: Setting CVar [[r.HairStrands.SkyLighting.JitterIntegration:0]]
[2020.09.16-03.39.47:842][  0]LogConfig: Setting CVar [[r.HairStrands.SkyAO.SampleCount:16]]
[2020.09.16-03.39.47:843][  0]LogConfig: Setting CVar [[r.HairStrands.DeepShadow.SuperSampling:0]]
[2020.09.16-03.39.47:843][  0]LogConfig: Setting CVar [[r.HairStrands.VisibilityPPLL:0]]
[2020.09.16-03.39.47:843][  0]LogConfig: Setting CVar [[r.HairStrands.RasterizationScale:0.5]]
[2020.09.16-03.39.47:843][  0]LogConfig: Setting CVar [[r.HairStrands.VelocityRasterizationScale:1]]
[2020.09.16-03.39.47:843][  0]LogConfig: Applying CVar settings from Section [Startup] File [../../../Engine/Config/ConsoleVariables.ini]
[2020.09.16-03.39.47:843][  0]LogConfig: Setting CVar [[net.UseAdaptiveNetUpdateFrequency:0]]
[2020.09.16-03.39.47:843][  0]LogConfig: Setting CVar [[p.chaos.AllowCreatePhysxBodies:1]]
[2020.09.16-03.39.47:843][  0]LogConfig: Setting CVar [[fx.SkipVectorVMBackendOptimizations:1]]
[2020.09.16-03.39.47:843][  0]LogConfig: Applying CVar settings from Section [ConsoleVariables] File [C:/Users/brade/Documents/GitHub/Pixel-Arena/PixelArena/Saved/Config/Windows/Engine.ini]
[2020.09.16-03.39.47:844][  0]LogInit: Computer: BLUKZEN-SURFACE
[2020.09.16-03.39.47:844][  0]LogInit: User: brade
[2020.09.16-03.39.47:844][  0]LogInit: CPU Page size=4096, Cores=4
[2020.09.16-03.39.47:844][  0]LogInit: High frequency timer resolution =10.000000 MHz
[2020.09.16-03.39.47:844][  0]LogMemory: Memory total: Physical=7.9GB (8GB approx)
[2020.09.16-03.39.47:844][  0]LogMemory: Platform Memory Stats for Windows
[2020.09.16-03.39.47:844][  0]LogMemory: Process Physical Memory: 115.32 MB used, 115.32 MB peak
[2020.09.16-03.39.47:844][  0]LogMemory: Process Virtual Memory: 110.77 MB used, 110.77 MB peak
[2020.09.16-03.39.47:844][  0]LogMemory: Physical Memory: 7183.71 MB used,  929.65 MB free, 8113.36 MB total
[2020.09.16-03.39.47:845][  0]LogMemory: Virtual Memory: 5158.37 MB used,  134212568.00 MB free, 134217728.00 MB total
[2020.09.16-03.39.47:857][  0]LogWindows: WindowsPlatformFeatures enabled
[2020.09.16-03.39.48:110][  0]LogInit: Physics initialised using underlying interface: PhysX
[2020.09.16-03.39.48:123][  0]LogInit: Using OS detected language (en-US).
[2020.09.16-03.39.48:125][  0]LogInit: Using OS detected locale (en-US).
[2020.09.16-03.39.48:133][  0]LogTextLocalizationManager: No specific localization for 'en-US' exists, so the 'en' localization will be used.
[2020.09.16-03.39.48:665][  0]LogInit: Setting process to per monitor DPI aware
[2020.09.16-03.39.48:800][  0]LogSlate: New Slate User Created.  User Index 0, Is Virtual User: 0
[2020.09.16-03.39.48:800][  0]LogSlate: Slate User Registered.  User Index 0, Is Virtual User: 0
[2020.09.16-03.39.49:300][  0]LogHMD: Failed to initialize OpenVR with code 110
[2020.09.16-03.39.49:300][  0]LogD3D11RHI: D3D11 min allowed feature level: 11_0
[2020.09.16-03.39.49:300][  0]LogD3D11RHI: D3D11 max allowed feature level: 11_0
[2020.09.16-03.39.49:300][  0]LogD3D11RHI: D3D11 adapters:
[2020.09.16-03.39.49:486][  0]LogD3D11RHI:    0. 'NVIDIA GeForce GTX 1050' (Feature Level 11_0)
[2020.09.16-03.39.49:486][  0]LogD3D11RHI:       1979/0/4056 MB DedicatedVideo/DedicatedSystem/SharedSystem, Outputs:2, VendorId:0x10de
[2020.09.16-03.39.49:536][  0]LogD3D11RHI:    1. 'Intel(R) UHD Graphics 620' (Feature Level 11_0)
[2020.09.16-03.39.49:536][  0]LogD3D11RHI:       128/0/4056 MB DedicatedVideo/DedicatedSystem/SharedSystem, Outputs:0, VendorId:0x8086
[2020.09.16-03.39.49:549][  0]LogD3D11RHI:    2. 'Microsoft Basic Render Driver' (Feature Level 11_0)
[2020.09.16-03.39.49:549][  0]LogD3D11RHI:       0/0/4056 MB DedicatedVideo/DedicatedSystem/SharedSystem, Outputs:0, VendorId:0x1414
[2020.09.16-03.39.49:549][  0]LogD3D11RHI: Chosen D3D11 Adapter: 0
[2020.09.16-03.39.49:609][  0]LogD3D11RHI: Creating new Direct3DDevice
[2020.09.16-03.39.49:609][  0]LogD3D11RHI:     GPU DeviceId: 0x1c8d (for the marketing name, search the web for "GPU Device Id")
[2020.09.16-03.39.49:609][  0]LogWindows: EnumDisplayDevices:
[2020.09.16-03.39.49:610][  0]LogWindows:    0. 'Intel(R) UHD Graphics 620' (P:1 D:1)
[2020.09.16-03.39.49:610][  0]LogWindows:    1. 'Intel(R) UHD Graphics 620' (P:0 D:1)
[2020.09.16-03.39.49:611][  0]LogWindows:    2. 'Intel(R) UHD Graphics 620' (P:0 D:0)
[2020.09.16-03.39.49:611][  0]LogWindows: DebugString: PrimaryIsNotTheChoosenAdapter PrimaryIsNotTheChoosenAdapter PrimaryIsNotTheChoosenAdapter FoundDriverCount:0 
[2020.09.16-03.39.49:611][  0]LogD3D11RHI:     Adapter Name: NVIDIA GeForce GTX 1050
[2020.09.16-03.39.49:611][  0]LogD3D11RHI:   Driver Version: Unknown (internal:Unknown, unified:Unknown)
[2020.09.16-03.39.49:611][  0]LogD3D11RHI:      Driver Date: Unknown
[2020.09.16-03.39.49:611][  0]LogRHI: Texture pool is 1385 MB (70% of 1979 MB)
[2020.09.16-03.39.49:694][  0]LogD3D11RHI: RHI has support for 64 bit atomics
[2020.09.16-03.39.49:716][  0]LogD3D11RHI: [Aftermath] Enabled and primed
[2020.09.16-03.39.49:716][  0]LogD3D11RHI: Async texture creation enabled
[2020.09.16-03.39.49:716][  0]LogD3D11RHI: Array index from any shader is supported
[2020.09.16-03.39.49:886][  0]LogD3D11RHI: GPU Timing Frequency: 1000.000000 (Debug: 2 1)
[2020.09.16-03.39.50:881][  0]LogTargetPlatformManager: Display: Loaded TargetPlatform 'AllDesktop'
[2020.09.16-03.39.50:907][  0]LogTargetPlatformManager: Display: Loaded TargetPlatform 'Android'
[2020.09.16-03.39.50:907][  0]LogTargetPlatformManager: Display: Loaded TargetPlatform 'Android_ASTC'
[2020.09.16-03.39.50:907][  0]LogTargetPlatformManager: Display: Loaded TargetPlatform 'Android_DXT'
[2020.09.16-03.39.50:907][  0]LogTargetPlatformManager: Display: Loaded TargetPlatform 'Android_ETC2'
[2020.09.16-03.39.50:907][  0]LogTargetPlatformManager: Display: Loaded TargetPlatform 'AndroidClient'
[2020.09.16-03.39.50:907][  0]LogTargetPlatformManager: Display: Loaded TargetPlatform 'Android_ASTCClient'
[2020.09.16-03.39.50:907][  0]LogTargetPlatformManager: Display: Loaded TargetPlatform 'Android_DXTClient'
[2020.09.16-03.39.50:907][  0]LogTargetPlatformManager: Display: Loaded TargetPlatform 'Android_ETC2Client'
[2020.09.16-03.39.50:907][  0]LogTargetPlatformManager: Display: Loaded TargetPlatform 'Android_Multi'
[2020.09.16-03.39.50:907][  0]LogTargetPlatformManager: Display: Loaded TargetPlatform 'Android_MultiClient'
[2020.09.16-03.39.50:937][  0]LogTargetPlatformManager: Display: Loaded TargetPlatform 'IOSClient'
[2020.09.16-03.39.50:937][  0]LogTargetPlatformManager: Display: Loaded TargetPlatform 'IOS'
[2020.09.16-03.39.50:950][  0]LogTargetPlatformManager: Display: Loaded TargetPlatform 'Linux'
[2020.09.16-03.39.50:965][  0]LogTargetPlatformManager: Display: Loaded TargetPlatform 'LinuxNoEditor'
[2020.09.16-03.39.50:978][  0]LogTargetPlatformManager: Display: Loaded TargetPlatform 'LinuxClient'
[2020.09.16-03.39.50:990][  0]LogTargetPlatformManager: Display: Loaded TargetPlatform 'LinuxServer'
[2020.09.16-03.39.51:002][  0]LogTargetPlatformManager: Display: Loaded TargetPlatform 'LinuxAArch64NoEditor'
[2020.09.16-03.39.51:016][  0]LogTargetPlatformManager: Display: Loaded TargetPlatform 'LinuxAArch64Client'
[2020.09.16-03.39.51:029][  0]LogTargetPlatformManager: Display: Loaded TargetPlatform 'LinuxAArch64Server'
[2020.09.16-03.39.51:060][  0]LogTargetPlatformManager: Display: Loaded TargetPlatform 'Lumin'
[2020.09.16-03.39.51:060][  0]LogTargetPlatformManager: Display: Loaded TargetPlatform 'LuminClient'
[2020.09.16-03.39.51:077][  0]LogTargetPlatformManager: Display: Loaded TargetPlatform 'TVOSClient'
[2020.09.16-03.39.51:077][  0]LogTargetPlatformManager: Display: Loaded TargetPlatform 'TVOS'
[2020.09.16-03.39.51:088][  0]LogTargetPlatformManager: Display: Loaded TargetPlatform 'WindowsNoEditor'
[2020.09.16-03.39.51:101][  0]LogTargetPlatformManager: Display: Loaded TargetPlatform 'Windows'
[2020.09.16-03.39.51:114][  0]LogTargetPlatformManager: Display: Loaded TargetPlatform 'WindowsClient'
[2020.09.16-03.39.51:128][  0]LogTargetPlatformManager: Display: Loaded TargetPlatform 'WindowsServer'
[2020.09.16-03.39.51:128][  0]LogTargetPlatformManager: Display: Building Assets For Windows
[2020.09.16-03.39.51:149][  0]LogAudioDebug: Display: Lib vorbis DLL was dynamically loaded.
[2020.09.16-03.39.51:283][  0]LogShaderCompilers: Guid format shader working directory is -22 characters bigger than the processId version (../../../../../../Users/brade/Documents/GitHub/Pixel-Arena/PixelArena/Intermediate/Shaders/WorkingDirectory/440/).
[2020.09.16-03.39.51:283][  0]LogShaderCompilers: Cleaned the shader compiler working directory 'C:/Users/brade/AppData/Local/Temp/UnrealShaderWorkingDir/054870F8445BF55328CB42B7A3D29F36/'.
[2020.09.16-03.39.51:286][  0]LogXGEController: Cleaning working directory: C:/Users/brade/AppData/Local/Temp/UnrealXGEWorkingDir/
[2020.09.16-03.39.51:287][  0]LogXGEController: Cannot use XGE Controller as Incredibuild is not installed on this machine.
[2020.09.16-03.39.51:287][  0]LogShaderCompilers: Cannot use XGE Shader Compiler as Incredibuild is not installed on this machine.
[2020.09.16-03.39.51:287][  0]LogShaderCompilers: Display: Using Local Shader Compiler.
[2020.09.16-03.39.52:275][  0]LogDerivedDataCache: Display: Max Cache Size: 512 MB
[2020.09.16-03.39.52:397][  0]LogDerivedDataCache: Loaded boot cache 0.12s 76MB C:/Users/brade/AppData/Local/UnrealEngine/4.25/DerivedDataCache/Boot.ddc.
[2020.09.16-03.39.52:397][  0]LogDerivedDataCache: Display: Loaded Boot cache: C:/Users/brade/AppData/Local/UnrealEngine/4.25/DerivedDataCache/Boot.ddc
[2020.09.16-03.39.52:397][  0]LogDerivedDataCache: FDerivedDataBackendGraph:  Pak pak cache file ../../../../../../Users/brade/Documents/GitHub/Pixel-Arena/PixelArena/DerivedDataCache/DDC.ddp not found, will not use a pak cache.
[2020.09.16-03.39.52:397][  0]LogDerivedDataCache: Unable to find inner node Pak for hierarchical cache Hierarchy.
[2020.09.16-03.39.52:397][  0]LogDerivedDataCache: FDerivedDataBackendGraph:  CompressedPak pak cache file ../../../../../../Users/brade/Documents/GitHub/Pixel-Arena/PixelArena/DerivedDataCache/Compressed.ddp not found, will not use a pak cache.
[2020.09.16-03.39.52:397][  0]LogDerivedDataCache: Unable to find inner node CompressedPak for hierarchical cache Hierarchy.
[2020.09.16-03.39.52:412][  0]LogDerivedDataCache: Display: Pak cache opened for reading ../../../Engine/DerivedDataCache/Compressed.ddp.
[2020.09.16-03.39.52:412][  0]LogDerivedDataCache: FDerivedDataBackendGraph:  EnterprisePak pak cache file ../../../Enterprise/DerivedDataCache/Compressed.ddp not found, will not use a pak cache.
[2020.09.16-03.39.52:412][  0]LogDerivedDataCache: Unable to find inner node EnterprisePak for hierarchical cache Hierarchy.
[2020.09.16-03.39.52:414][  0]LogDerivedDataCache: Using Local data cache path C:/Users/brade/AppData/Local/UnrealEngine/Common/DerivedDataCache: Writable
[2020.09.16-03.39.52:414][  0]LogDerivedDataCache: Shared data cache path not found in *engine.ini, will not use an Shared cache.
[2020.09.16-03.39.52:414][  0]LogDerivedDataCache: Unable to find inner node Shared for hierarchical cache Hierarchy.
[2020.09.16-03.39.52:476][  0]LogSlate: Using FreeType 2.10.0
[2020.09.16-03.39.52:477][  0]LogSlate: SlateFontServices - WITH_FREETYPE: 1, WITH_HARFBUZZ: 1
[2020.09.16-03.39.52:537][  0]LogAssetRegistry: FAssetRegistry took 0.0088 seconds to start up
[2020.09.16-03.39.52:921][  0]LogInit: Selected Device Profile: [Windows]
[2020.09.16-03.39.53:151][  0]LogMeshReduction: Using QuadricMeshReduction for automatic static mesh reduction
[2020.09.16-03.39.53:151][  0]LogMeshReduction: Using SimplygonMeshReduction for automatic skeletal mesh reduction
[2020.09.16-03.39.53:151][  0]LogMeshReduction: Using ProxyLODMeshReduction for automatic mesh merging
[2020.09.16-03.39.53:151][  0]LogMeshReduction: No distributed automatic mesh merging module available
[2020.09.16-03.39.53:152][  0]LogMeshMerging: No distributed automatic mesh merging module available
[2020.09.16-03.39.53:189][  0]LogNetVersion: PixelArena 1.0.0, NetCL: 13144385, EngineNetVer: 14, GameNetVer: 0 (Checksum: 3559364062)
[2020.09.16-03.39.54:179][  0]LogAISub: UAISubsystem::UAISubsystem AISubsystem (0000024D6FF9D7C0), frame # 0
[2020.09.16-03.39.54:179][  0]LogAISub: UAISubsystem::UAISubsystem AIPerceptionSystem (0000024D6FECDE40), frame # 0
[2020.09.16-03.39.54:181][  0]LogAISub: UAISubsystem::UAISubsystem EnvQueryManager (0000024D70016600), frame # 0
[2020.09.16-03.39.54:282][  0]LogPackageLocalizationCache: Processed 19 localized package path(s) for 1 prioritized culture(s) in 0.068306 seconds
[2020.09.16-03.39.54:290][  0]LogUObjectArray: 15917 objects as part of root set at end of initial load.
[2020.09.16-03.39.54:290][  0]LogUObjectAllocator: 3965568 out of 0 bytes used by permanent object pool.
[2020.09.16-03.39.54:290][  0]LogUObjectArray: CloseDisregardForGC: 0/0 objects in disregard for GC pool
[2020.09.16-03.39.55:551][  0]LogTcpMessaging: Initializing TcpMessaging bridge
[2020.09.16-03.39.55:564][  0]LogUdpMessaging: Initializing bridge on interface 0.0.0.0:0 to multicast group 230.0.0.1:6666.
[2020.09.16-03.39.55:796][  0]SourceControl: Source control is disabled
[2020.09.16-03.39.55:798][  0]SourceControl: Source control is disabled
[2020.09.16-03.39.55:821][  0]SourceControl: Source control is disabled
[2020.09.16-03.39.55:832][  0]SourceControl: Source control is disabled
[2020.09.16-03.39.55:881][  0]SourceControl: Source control is disabled
[2020.09.16-03.39.56:596][  0]LogAndroidPermission: UAndroidPermissionCallbackProxy::GetInstance
[2020.09.16-03.39.56:643][  0]LogAudioCaptureCore: Display: No Audio Capture implementations found. Audio input will be silent.
[2020.09.16-03.39.56:643][  0]LogAudioCaptureCore: Display: No Audio Capture implementations found. Audio input will be silent.
[2020.09.16-03.39.56:753][  0]LogOcInput: OculusInput pre-init called
[2020.09.16-03.39.56:780][  0]LogWindows: Failed to load 'OVRPlugin.dll' (GetLastError=126)
[2020.09.16-03.39.56:780][  0]LogWindows: File 'OVRPlugin.dll' does not exist
[2020.09.16-03.39.57:007][  0]LogEngine: Initializing Engine...
[2020.09.16-03.39.57:014][  0]LogHMD: Failed to initialize OpenVR with code 110
[2020.09.16-03.39.57:014][  0]LogMagicLeap: Warning: VR disabled because ZI is not enabled.  To enable, in the editor, Edit -> Project Settings -> Plugins -> Magic Leap Plugin -> Enable Zero Iteration
[2020.09.16-03.39.57:018][  0]LogStats: UGameplayTagsManager::InitializeManager -  0.002 s
[2020.09.16-03.39.57:202][  0]LogInit: Initializing FReadOnlyCVARCache
[2020.09.16-03.39.57:274][  0]LogAIModule: Creating AISystem for world Untitled
[2020.09.16-03.39.57:274][  0]LogAISub: UAISubsystem::UAISubsystem EnvQueryManager (0000024D75601600), frame # 0
[2020.09.16-03.39.57:274][  0]LogAISub: UAISubsystem::UAISubsystem AIPerceptionSystem (0000024D75639A80), frame # 0
[2020.09.16-03.39.57:305][  0]LogAudioMixer: Display: Audio Mixer Platform Settings:
[2020.09.16-03.39.57:305][  0]LogAudioMixer: Display: 	Sample Rate:						  48000
[2020.09.16-03.39.57:305][  0]LogAudioMixer: Display: 	Callback Buffer Frame Size Requested: 1024
[2020.09.16-03.39.57:305][  0]LogAudioMixer: Display: 	Callback Buffer Frame Size To Use:	  1024
[2020.09.16-03.39.57:305][  0]LogAudioMixer: Display: 	Number of buffers to queue:			  2
[2020.09.16-03.39.57:305][  0]LogAudioMixer: Display: 	Max Channels (voices):				  32
[2020.09.16-03.39.57:305][  0]LogAudioMixer: Display: 	Number of Async Source Workers:		  0
[2020.09.16-03.39.57:306][  0]LogAudio: Display: AudioDevice MaxSources: 32
[2020.09.16-03.39.57:309][  0]LogAudio: Display: Using built-in audio occlusion.
[2020.09.16-03.39.57:309][  0]LogAudioMixer: Display: Initializing audio mixer.
[2020.09.16-03.39.57:359][  0]LogAudioMixer: Display: 0: FrontLeft
[2020.09.16-03.39.57:359][  0]LogAudioMixer: Display: 1: FrontRight
[2020.09.16-03.39.57:443][  0]LogAudioMixer: Display: Using Audio Device Speakers (Realtek High Definition Audio(SST))
[2020.09.16-03.39.57:446][  0]LogAudioMixer: Display: Initializing Sound Submixes...
[2020.09.16-03.39.57:451][  0]LogAudioMixer: Display: Creating Master Submix 'MasterSubmixDefault'
[2020.09.16-03.39.57:451][  0]LogAudioMixer: Display: Creating Master Submix 'MasterReverbSubmixDefault'
[2020.09.16-03.39.57:454][  0]LogAudioMixer: Display: Creating Master Submix 'MasterEQSubmixDefault'
[2020.09.16-03.39.57:455][  0]LogInit: FAudioDevice initialized.
[2020.09.16-03.39.57:456][  0]LogNetVersion: Set ProjectVersion to 1.0.0.0. Version Checksum will be recalculated on next use.
[2020.09.16-03.39.58:038][  0]LogDerivedDataCache: Saved boot cache 0.58s 76MB C:/Users/brade/AppData/Local/UnrealEngine/4.25/DerivedDataCache/Boot.ddc.
[2020.09.16-03.39.58:054][  0]LogInit: Texture streaming: Enabled
[2020.09.16-03.39.58:094][  0]LogEngineSessionManager: EngineSessionManager initialized
[2020.09.16-03.39.58:094][  0]LogEditorSessionSummary: Verbose: Initializing EditorSessionSummaryWriter for editor session tracking
[2020.09.16-03.39.58:099][  0]LogEditorSessionSummary: EditorSessionSummaryWriter initialized
[2020.09.16-03.39.58:204][  0]LogInit: Transaction tracking system initialized
[2020.09.16-03.39.58:282][  0]BlueprintLog: New page: Editor Load
[2020.09.16-03.39.58:550][  0]LocalizationService: Localization service is disabled
[2020.09.16-03.39.59:049][  0]LogCook: Display: Max memory allowance for cook 16384mb min free memory 0mb
[2020.09.16-03.39.59:049][  0]LogCook: Display: Mobile HDR setting 1
[2020.09.16-03.39.59:385][  0]LogFileCache: Scanning file cache for directory 'C:/Users/brade/Documents/GitHub/Pixel-Arena/PixelArena/Content/' took 0.01s
[2020.09.16-03.40.00:001][  0]SourceControl: Source control is disabled
[2020.09.16-03.40.00:002][  0]LogUnrealEdMisc: Loading editor; pre map load, took 21.788
[2020.09.16-03.40.00:004][  0]Cmd: MAP LOAD FILE="../../../../../../Users/brade/Documents/GitHub/Pixel-Arena/PixelArena/Content/PixelArena/Levels/Main.umap" TEMPLATE=0 SHOWPROGRESS=1 FEATURELEVEL=3
[2020.09.16-03.40.00:006][  0]LightingResults: New page: Lighting Build
[2020.09.16-03.40.00:015][  0]LogWorld: UWorld::CleanupWorld for Untitled, bSessionEnded=true, bCleanupResources=true
[2020.09.16-03.40.00:018][  0]LogSlate: InvalidateAllWidgets triggered.  All widgets were invalidated
[2020.09.16-03.40.00:021][  0]MapCheck: New page: Map Check
[2020.09.16-03.40.00:021][  0]LightingResults: New page: Lighting Build
[2020.09.16-03.40.00:057][  0]LogAISub: UAISubsystem::~UAISubsystem EnvQueryManager (0000024D75601600), frame # 0
[2020.09.16-03.40.00:058][  0]LogAISub: UAISubsystem::~UAISubsystem AIPerceptionSystem (0000024D75639A80), frame # 0
[2020.09.16-03.40.00:062][  0]LogUObjectHash: Compacting FUObjectHashTables data took   2.82ms
[2020.09.16-03.40.00:457][  0]LogBlueprint: Warning: [Compiler CharacterBP] InputAction Event references unknown Action 'Dash/Shield' for  InputAction Dash/Shield
[2020.09.16-03.40.00:560][  0]LogAIModule: Creating AISystem for world Main
[2020.09.16-03.40.00:561][  0]LogAISub: UAISubsystem::UAISubsystem EnvQueryManager (0000024D05159A00), frame # 0
[2020.09.16-03.40.00:561][  0]LogAISub: UAISubsystem::UAISubsystem AIPerceptionSystem (0000024D052EB9C0), frame # 0
[2020.09.16-03.40.00:598][  0]LogEditorServer: Finished looking for orphan Actors (0.000 secs)
[2020.09.16-03.40.00:626][  0]LogUObjectHash: Compacting FUObjectHashTables data took   0.85ms
[2020.09.16-03.40.00:627][  0]Cmd: MAP CHECKDEP NOCLEARLOG
[2020.09.16-03.40.00:629][  0]MapCheck: Map check complete: 0 Error(s), 0 Warning(s), took 0.911ms to complete.
[2020.09.16-03.40.00:629][  0]LogFileHelpers: Loading map 'Main' took 0.627
[2020.09.16-03.40.00:682][  0]LogUnrealEdMisc: Total Editor Startup Time, took 22.469
[2020.09.16-03.40.00:971][  0]LogSlate: Updating window title bar state: overlay mode, drag disabled, window buttons hidden, title bar hidden
[2020.09.16-03.40.00:985][  0]LogSlate: Updating window title bar state: overlay mode, drag disabled, window buttons hidden, title bar hidden
[2020.09.16-03.40.01:001][  0]LogSlate: Updating window title bar state: overlay mode, drag disabled, window buttons hidden, title bar hidden
[2020.09.16-03.40.01:012][  0]LogSlate: Updating window title bar state: overlay mode, drag disabled, window buttons hidden, title bar hidden
[2020.09.16-03.40.01:040][  0]LogCollectionManager: Loaded 0 collections in 0.002937 seconds
[2020.09.16-03.40.01:113][  0]LogFileCache: Scanning file cache for directory 'C:/Users/brade/Documents/GitHub/Pixel-Arena/PixelArena/Saved/Collections/' took 0.00s
[2020.09.16-03.40.01:113][  0]LogFileCache: Scanning file cache for directory 'C:/Users/brade/Documents/GitHub/Pixel-Arena/PixelArena/Content/Developers/brade/Collections/' took 0.00s
[2020.09.16-03.40.01:113][  0]LogFileCache: Scanning file cache for directory 'C:/Users/brade/Documents/GitHub/Pixel-Arena/PixelArena/Content/Collections/' took 0.00s
[2020.09.16-03.40.01:113][  0]LogContentBrowser: Native class hierarchy populated in 0.0206 seconds. Added 3428 classes and 823 folders.
[2020.09.16-03.40.01:146][  0]LogContentBrowser: Native class hierarchy updated for 'WidgetCarousel' in 0.0018 seconds. Added 0 classes and 0 folders.
[2020.09.16-03.40.01:753][  0]LogContentBrowser: Native class hierarchy updated for 'AddContentDialog' in 0.0005 seconds. Added 0 classes and 0 folders.
[2020.09.16-03.40.01:777][  0]LogContentBrowser: Native class hierarchy updated for 'SceneOutliner' in 0.0027 seconds. Added 2 classes and 0 folders.
[2020.09.16-03.40.01:977][  0]LogSlate: Took 0.000938 seconds to synchronously load lazily loaded font '../../../Engine/Content/Slate/Fonts/Roboto-Regular.ttf' (155K)
[2020.09.16-03.40.01:983][  0]LogSlate: Took 0.000901 seconds to synchronously load lazily loaded font '../../../Engine/Content/Slate/Fonts/Roboto-Bold.ttf' (160K)
[2020.09.16-03.40.01:997][  0]LogSlate: Took 0.000810 seconds to synchronously load lazily loaded font '../../../Engine/Content/Editor/Slate/Fonts/FontAwesome.ttf' (139K)
[2020.09.16-03.40.02:136][  0]LogRenderer: Reallocating scene render targets to support 1136x448 Format 10 NumSamples 1 (Frame:1).
[2020.09.16-03.40.02:273][  0]LogSlate: Took 0.000806 seconds to synchronously load lazily loaded font '../../../Engine/Content/Slate/Fonts/Roboto-Light.ttf' (167K)
[2020.09.16-03.40.02:987][  0]LogContentBrowser: Native class hierarchy updated for 'HierarchicalLODOutliner' in 0.0009 seconds. Added 0 classes and 0 folders.
[2020.09.16-03.40.02:994][  0]LogLoad: (Engine Initialization) Total time: 24.78 seconds
[2020.09.16-03.40.02:994][  0]LogLoad: (Engine Initialization) Total Blueprint compile time: 0.00 seconds
[2020.09.16-03.40.03:415][  0]LogContentStreaming: Texture pool size now 1000 MB
[2020.09.16-03.40.03:507][  1]LogFileCache: Retrieving MD5 hashes for directory 'C:/Users/brade/Documents/GitHub/Pixel-Arena/PixelArena/Content/' took 0.29s
[2020.09.16-03.40.03:541][  1]LogAssetRegistry: Asset discovery search completed in 11.0053 seconds
[2020.09.16-03.40.03:550][  1]LogCollectionManager: Fixed up redirectors for 0 collections in 0.000370 seconds (updated 0 objects)
[2020.09.16-03.40.11:566][ 27]LogTemp: Repeating last play command: Selected Viewport
[2020.09.16-03.40.11:598][ 27]LogPlayLevel: PlayLevel: No blueprints needed recompiling
[2020.09.16-03.40.11:606][ 27]PIE: New page: PIE session: Main (Sep 17, 2020, 3:40:11 AM)
[2020.09.16-03.40.11:614][ 27]LogOnline: OSS: Creating online subsystem instance for: NULL
[2020.09.16-03.40.11:620][ 27]LogOnline: OSS: TryLoadSubsystemAndSetDefault: Loaded subsystem for module [NULL]
[2020.09.16-03.40.11:621][ 27]LogPlayLevel: Creating play world package: /Game/PixelArena/Levels/UEDPIE_0_Main
[2020.09.16-03.40.11:629][ 27]LogPlayLevel: PIE: StaticDuplicateObject took: (0.007679s)
[2020.09.16-03.40.11:631][ 27]LogAIModule: Creating AISystem for world Main
[2020.09.16-03.40.11:631][ 27]LogAISub: UAISubsystem::UAISubsystem EnvQueryManager (0000024D10247E00), frame # 27
[2020.09.16-03.40.11:631][ 27]LogAISub: UAISubsystem::UAISubsystem AIPerceptionSystem (0000024D0526DE40), frame # 27
[2020.09.16-03.40.11:632][ 27]LogPlayLevel: PIE: World Init took: (0.002389s)
[2020.09.16-03.40.11:632][ 27]LogPlayLevel: PIE: Created PIE world by copying editor world from /Game/PixelArena/Levels/Main.Main to /Game/PixelArena/Levels/UEDPIE_0_Main.Main (0.010443s)
[2020.09.16-03.40.11:643][ 27]LogUObjectHash: Compacting FUObjectHashTables data took   1.12ms
[2020.09.16-03.40.11:653][ 27]LogAudioMixer: Display: Audio Mixer Platform Settings:
[2020.09.16-03.40.11:653][ 27]LogAudioMixer: Display: 	Sample Rate:						  48000
[2020.09.16-03.40.11:653][ 27]LogAudioMixer: Display: 	Callback Buffer Frame Size Requested: 1024
[2020.09.16-03.40.11:653][ 27]LogAudioMixer: Display: 	Callback Buffer Frame Size To Use:	  1024
[2020.09.16-03.40.11:654][ 27]LogAudioMixer: Display: 	Number of buffers to queue:			  2
[2020.09.16-03.40.11:654][ 27]LogAudioMixer: Display: 	Max Channels (voices):				  32
[2020.09.16-03.40.11:654][ 27]LogAudioMixer: Display: 	Number of Async Source Workers:		  0
[2020.09.16-03.40.11:654][ 27]LogAudio: Display: AudioDevice MaxSources: 32
[2020.09.16-03.40.11:656][ 27]LogAudio: Display: Using built-in audio occlusion.
[2020.09.16-03.40.11:656][ 27]LogAudioMixer: Display: Initializing audio mixer.
[2020.09.16-03.40.11:665][ 27]LogAudioMixer: Display: 0: FrontLeft
[2020.09.16-03.40.11:665][ 27]LogAudioMixer: Display: 1: FrontRight
[2020.09.16-03.40.11:712][ 27]LogAudioMixer: Display: Using Audio Device Speakers (Realtek High Definition Audio(SST))
[2020.09.16-03.40.11:712][ 27]LogAudioMixer: Display: Initializing Sound Submixes...
[2020.09.16-03.40.11:712][ 27]LogAudioMixer: Display: Creating Master Submix 'MasterSubmixDefault'
[2020.09.16-03.40.11:712][ 27]LogAudioMixer: Display: Creating Master Submix 'MasterReverbSubmixDefault'
[2020.09.16-03.40.11:713][ 27]LogAudioMixer: Display: Creating Master Submix 'MasterEQSubmixDefault'
[2020.09.16-03.40.11:742][ 27]LogInit: FAudioDevice initialized.
[2020.09.16-03.40.11:754][ 27]LogLoad: Game class is 'PixelArenaGame_C'
[2020.09.16-03.40.11:765][ 27]LogWorld: Bringing World /Game/PixelArena/Levels/UEDPIE_0_Main.Main up for play (max tick rate 60) at 2020.09.16-15.40.11
[2020.09.16-03.40.11:768][ 27]LogWorld: Bringing up level for play took: 0.004560
[2020.09.16-03.40.11:769][ 27]LogOnline: OSS: Creating online subsystem instance for: :Context_1
[2020.09.16-03.40.11:787][ 27]LogContentBrowser: Native class hierarchy updated for 'MovieSceneCapture' in 0.0010 seconds. Added 20 classes and 0 folders.
[2020.09.16-03.40.11:795][ 27]PIE: Server logged in
[2020.09.16-03.40.11:800][ 27]PIE: Play in editor total start time 0.207 seconds.
[2020.09.16-03.40.14:587][188]LogSlate: Updating window title bar state: overlay mode, drag disabled, window buttons hidden, title bar hidden
[2020.09.16-03.40.14:588][188]LogWorld: BeginTearingDown for /Game/PixelArena/Levels/UEDPIE_0_Main
[2020.09.16-03.40.14:590][188]LogWorld: UWorld::CleanupWorld for Main, bSessionEnded=true, bCleanupResources=true
[2020.09.16-03.40.14:591][188]LogSlate: InvalidateAllWidgets triggered.  All widgets were invalidated
[2020.09.16-03.40.14:603][188]LogPlayLevel: Display: Shutting down PIE online subsystems
[2020.09.16-03.40.14:607][188]LogSlate: InvalidateAllWidgets triggered.  All widgets were invalidated
[2020.09.16-03.40.14:648][188]LogSlate: Updating window title bar state: overlay mode, drag disabled, window buttons hidden, title bar hidden
[2020.09.16-03.40.14:652][188]LogAISub: UAISubsystem::~UAISubsystem AIPerceptionSystem (0000024D0526DE40), frame # 188
[2020.09.16-03.40.14:652][188]LogAISub: UAISubsystem::~UAISubsystem EnvQueryManager (0000024D10247E00), frame # 188
[2020.09.16-03.40.14:654][188]LogUObjectHash: Compacting FUObjectHashTables data took   0.60ms
[2020.09.16-03.40.14:714][189]LogPlayLevel: Display: Destroying online subsystem :Context_1
[2020.09.16-03.40.16:094][269]LogTemp: Repeating last play command: Selected Viewport
[2020.09.16-03.40.16:117][269]LogPlayLevel: PlayLevel: No blueprints needed recompiling
[2020.09.16-03.40.16:118][269]PIE: New page: PIE session: Main (Sep 17, 2020, 3:40:16 AM)
[2020.09.16-03.40.16:118][269]LogPlayLevel: Creating play world package: /Game/PixelArena/Levels/UEDPIE_0_Main
[2020.09.16-03.40.16:120][269]LogPlayLevel: PIE: StaticDuplicateObject took: (0.001884s)
[2020.09.16-03.40.16:121][269]LogAIModule: Creating AISystem for world Main
[2020.09.16-03.40.16:121][269]LogAISub: UAISubsystem::UAISubsystem EnvQueryManager (0000024D107E2200), frame # 269
[2020.09.16-03.40.16:121][269]LogAISub: UAISubsystem::UAISubsystem AIPerceptionSystem (0000024D052D8400), frame # 269
[2020.09.16-03.40.16:122][269]LogPlayLevel: PIE: World Init took: (0.001777s)
[2020.09.16-03.40.16:122][269]LogPlayLevel: PIE: Created PIE world by copying editor world from /Game/PixelArena/Levels/Main.Main to /Game/PixelArena/Levels/UEDPIE_0_Main.Main (0.003903s)
[2020.09.16-03.40.16:134][269]LogUObjectHash: Compacting FUObjectHashTables data took   1.04ms
[2020.09.16-03.40.16:136][269]LogAudioMixer: Display: Audio Mixer Platform Settings:
[2020.09.16-03.40.16:136][269]LogAudioMixer: Display: 	Sample Rate:						  48000
[2020.09.16-03.40.16:136][269]LogAudioMixer: Display: 	Callback Buffer Frame Size Requested: 1024
[2020.09.16-03.40.16:136][269]LogAudioMixer: Display: 	Callback Buffer Frame Size To Use:	  1024
[2020.09.16-03.40.16:136][269]LogAudioMixer: Display: 	Number of buffers to queue:			  2
[2020.09.16-03.40.16:136][269]LogAudioMixer: Display: 	Max Channels (voices):				  32
[2020.09.16-03.40.16:136][269]LogAudioMixer: Display: 	Number of Async Source Workers:		  0
[2020.09.16-03.40.16:136][269]LogAudio: Display: AudioDevice MaxSources: 32
[2020.09.16-03.40.16:137][269]LogAudio: Display: Using built-in audio occlusion.
[2020.09.16-03.40.16:137][269]LogAudioMixer: Display: Initializing audio mixer.
[2020.09.16-03.40.16:143][269]LogAudioMixer: Display: 0: FrontLeft
[2020.09.16-03.40.16:143][269]LogAudioMixer: Display: 1: FrontRight
[2020.09.16-03.40.16:175][269]LogAudioMixer: Display: Using Audio Device Speakers (Realtek High Definition Audio(SST))
[2020.09.16-03.40.16:176][269]LogAudioMixer: Display: Initializing Sound Submixes...
[2020.09.16-03.40.16:176][269]LogAudioMixer: Display: Creating Master Submix 'MasterSubmixDefault'
[2020.09.16-03.40.16:176][269]LogAudioMixer: Display: Creating Master Submix 'MasterReverbSubmixDefault'
[2020.09.16-03.40.16:177][269]LogAudioMixer: Display: Creating Master Submix 'MasterEQSubmixDefault'
[2020.09.16-03.40.16:202][269]LogInit: FAudioDevice initialized.
[2020.09.16-03.40.16:213][269]LogLoad: Game class is 'PixelArenaGame_C'
[2020.09.16-03.40.16:216][269]LogWorld: Bringing World /Game/PixelArena/Levels/UEDPIE_0_Main.Main up for play (max tick rate 60) at 2020.09.16-15.40.16
[2020.09.16-03.40.16:216][269]LogWorld: Bringing up level for play took: 0.001753
[2020.09.16-03.40.16:217][269]LogOnline: OSS: Creating online subsystem instance for: :Context_2
[2020.09.16-03.40.16:220][269]PIE: Server logged in
[2020.09.16-03.40.16:221][269]PIE: Play in editor total start time 0.104 seconds.
[2020.09.16-03.40.18:289][363]LogSlate: Took 0.001013 seconds to synchronously load lazily loaded font '../../../Engine/Content/Slate/Fonts/Roboto-Italic.ttf' (157K)
[2020.09.16-03.40.28:792][984]LogSlate: Updating window title bar state: overlay mode, drag disabled, window buttons hidden, title bar hidden
[2020.09.16-03.40.28:792][984]LogWorld: BeginTearingDown for /Game/PixelArena/Levels/UEDPIE_0_Main
[2020.09.16-03.40.28:792][984]LogWorld: UWorld::CleanupWorld for Main, bSessionEnded=true, bCleanupResources=true
[2020.09.16-03.40.28:793][984]LogSlate: InvalidateAllWidgets triggered.  All widgets were invalidated
[2020.09.16-03.40.28:805][984]LogPlayLevel: Display: Shutting down PIE online subsystems
[2020.09.16-03.40.28:808][984]LogSlate: InvalidateAllWidgets triggered.  All widgets were invalidated
[2020.09.16-03.40.28:819][984]LogSlate: Updating window title bar state: overlay mode, drag disabled, window buttons hidden, title bar hidden
[2020.09.16-03.40.28:845][984]LogAISub: UAISubsystem::~UAISubsystem AIPerceptionSystem (0000024D052D8400), frame # 984
[2020.09.16-03.40.28:845][984]LogAISub: UAISubsystem::~UAISubsystem EnvQueryManager (0000024D107E2200), frame # 984
[2020.09.16-03.40.28:847][984]LogUObjectHash: Compacting FUObjectHashTables data took   0.87ms
[2020.09.16-03.40.28:895][985]LogPlayLevel: Display: Destroying online subsystem :Context_2
[2020.09.16-03.41.34:216][212]LogAudioMixer: Display: Audio Buffer Underrun detected.
[2020.09.16-03.42.51:107][475]Candidate modules for hot reload:
[2020.09.16-03.42.51:107][475]  PixelArena
[2020.09.16-03.42.51:111][475]Launching UnrealBuildTool... [C:/Program Files/Epic Games/UE_4.25/Engine/Binaries/DotNET/UnrealBuildTool.exe  -ModuleWithSuffix=PixelArena,1125 PixelArenaEditor Win64 Development -Project="C:/Users/brade/Documents/GitHub/Pixel-Arena/PixelArena/PixelArena.uproject" "C:/Users/brade/Documents/GitHub/Pixel-Arena/PixelArena/PixelArena.uproject"  -IgnoreJunk]
[2020.09.16-03.42.51:121][475]Warning: Starting HotReload took  0.1s.
[2020.09.16-03.44.04:861][337]CompilerResultsLog: New page: Compilation - Sep 17, 2020, 3:44:04 AM
[2020.09.16-03.44.04:871][337]CompilerResultsLog: Using 'git status' to determine working set for adaptive non-unity build (C:\Users\brade\Documents\GitHub\Pixel-Arena).
[2020.09.16-03.44.04:871][337]CompilerResultsLog: Parsing headers for PixelArenaEditor
[2020.09.16-03.44.04:871][337]CompilerResultsLog:   Running UnrealHeaderTool "C:\Users\brade\Documents\GitHub\Pixel-Arena\PixelArena\PixelArena.uproject" "C:\Users\brade\Documents\GitHub\Pixel-Arena\PixelArena\Intermediate\Build\Win64\PixelArenaEditor\Development\PixelArenaEditor.uhtmanifest" -LogCmds="loginit warning, logexit warning, logdatabase error" -Unattended -WarningsAsErrors -abslog="C:\Users\brade\AppData\Local\UnrealBuildTool\Log_UHT.txt" -installed
[2020.09.16-03.44.04:872][337]CompilerResultsLog: Reflection code generated for PixelArenaEditor in 47.2022274 seconds
[2020.09.16-03.44.04:872][337]CompilerResultsLog: Building PixelArenaEditor...
[2020.09.16-03.44.04:872][337]CompilerResultsLog: Using Visual Studio 2019 14.26.28805 toolchain (C:\Program Files (x86)\Microsoft Visual Studio\2019\Community\VC\Tools\MSVC\14.26.28801) and Windows 10.0.18362.0 SDK (C:\Program Files (x86)\Windows Kits\10).
[2020.09.16-03.44.04:872][337]CompilerResultsLog: Building 5 actions with 8 processes...
[2020.09.16-03.44.04:872][337]CompilerResultsLog:   [1/5] ArenaCharacter.gen.cpp
[2020.09.16-03.44.04:872][337]CompilerResultsLog:   [2/5] ArenaCharacter.cpp
[2020.09.16-03.44.04:872][337]CompilerResultsLog:   [3/5] UE4Editor-PixelArena-1125.lib
[2020.09.16-03.44.04:872][337]CompilerResultsLog:      Creating library C:\Users\brade\Documents\GitHub\Pixel-Arena\PixelArena\Intermediate\Build\Win64\UE4Editor\Development\PixelArena\UE4Editor-PixelArena-1125.lib and object C:\Users\brade\Documents\GitHub\Pixel-Arena\PixelArena\Intermediate\Build\Win64\UE4Editor\Development\PixelArena\UE4Editor-PixelArena-1125.exp
[2020.09.16-03.44.04:872][337]CompilerResultsLog:   [4/5] UE4Editor-PixelArena-1125.dll
[2020.09.16-03.44.04:872][337]CompilerResultsLog:      Creating library C:\Users\brade\Documents\GitHub\Pixel-Arena\PixelArena\Intermediate\Build\Win64\UE4Editor\Development\PixelArena\UE4Editor-PixelArena-1125.suppressed.lib and object C:\Users\brade\Documents\GitHub\Pixel-Arena\PixelArena\Intermediate\Build\Win64\UE4Editor\Development\PixelArena\UE4Editor-PixelArena-1125.suppressed.exp
[2020.09.16-03.44.04:872][337]CompilerResultsLog:   [5/5] PixelArenaEditor.target
[2020.09.16-03.44.04:872][337]CompilerResultsLog: Total time in Parallel executor: 19.99 seconds
[2020.09.16-03.44.04:872][337]CompilerResultsLog: Total execution time: 72.88 seconds
[2020.09.16-03.44.04:873][337]LogMainFrame: MainFrame: Module compiling took 73.858 seconds
[2020.09.16-03.44.05:090][337]LogClass: Direction HotReload.
[2020.09.16-03.44.05:091][337]LogClass: CharacterState HotReload.
[2020.09.16-03.44.05:144][337]LogContentBrowser: Native class hierarchy updated for 'PixelArena' in 0.0116 seconds. Added 1 classes and 2 folders.
[2020.09.16-03.44.05:146][337]Display: HotReload successful (6 functions remapped  0 scriptstructs remapped)
[2020.09.16-03.44.05:575][337]LogContentBrowser: Native class hierarchy populated in 0.0327 seconds. Added 3428 classes and 823 folders.
[2020.09.16-03.44.05:577][337]Display: HotReload took 74.6s.
[2020.09.16-03.44.08:586][349]LogTemp: Repeating last play command: Selected Viewport
[2020.09.16-03.44.08:675][349]LogPlayLevel: PlayLevel: No blueprints needed recompiling
[2020.09.16-03.44.08:677][349]PIE: New page: PIE session: Main (Sep 17, 2020, 3:44:08 AM)
[2020.09.16-03.44.08:687][349]LogPlayLevel: Creating play world package: /Game/PixelArena/Levels/UEDPIE_0_Main
[2020.09.16-03.44.08:733][349]LogPlayLevel: PIE: StaticDuplicateObject took: (0.043945s)
[2020.09.16-03.44.08:770][349]LogAIModule: Creating AISystem for world Main
[2020.09.16-03.44.08:773][349]LogAISub: UAISubsystem::UAISubsystem EnvQueryManager (0000024D10086200), frame # 3349
[2020.09.16-03.44.08:776][349]LogAISub: UAISubsystem::UAISubsystem AIPerceptionSystem (0000024D052D9080), frame # 3349
[2020.09.16-03.44.08:789][349]LogPlayLevel: PIE: World Init took: (0.055955s)
[2020.09.16-03.44.08:790][349]LogPlayLevel: PIE: Created PIE world by copying editor world from /Game/PixelArena/Levels/Main.Main to /Game/PixelArena/Levels/UEDPIE_0_Main.Main (0.103266s)
[2020.09.16-03.44.08:844][349]LogUObjectHash: Compacting FUObjectHashTables data took   4.85ms
[2020.09.16-03.44.08:916][349]LogAudioMixer: Display: Audio Mixer Platform Settings:
[2020.09.16-03.44.08:916][349]LogAudioMixer: Display: 	Sample Rate:						  48000
[2020.09.16-03.44.08:916][349]LogAudioMixer: Display: 	Callback Buffer Frame Size Requested: 1024
[2020.09.16-03.44.08:916][349]LogAudioMixer: Display: 	Callback Buffer Frame Size To Use:	  1024
[2020.09.16-03.44.08:916][349]LogAudioMixer: Display: 	Number of buffers to queue:			  2
[2020.09.16-03.44.08:916][349]LogAudioMixer: Display: 	Max Channels (voices):				  32
[2020.09.16-03.44.08:916][349]LogAudioMixer: Display: 	Number of Async Source Workers:		  0
[2020.09.16-03.44.08:916][349]LogAudio: Display: AudioDevice MaxSources: 32
[2020.09.16-03.44.08:922][349]LogAudio: Display: Using built-in audio occlusion.
[2020.09.16-03.44.08:922][349]LogAudioMixer: Display: Initializing audio mixer.
[2020.09.16-03.44.08:937][349]LogAudioMixer: Display: 0: FrontLeft
[2020.09.16-03.44.08:937][349]LogAudioMixer: Display: 1: FrontRight
[2020.09.16-03.44.08:988][349]LogAudioMixer: Display: Using Audio Device Speakers (Realtek High Definition Audio(SST))
[2020.09.16-03.44.08:997][349]LogAudioMixer: Display: Initializing Sound Submixes...
[2020.09.16-03.44.08:997][349]LogAudioMixer: Display: Creating Master Submix 'MasterSubmixDefault'
[2020.09.16-03.44.08:997][349]LogAudioMixer: Display: Creating Master Submix 'MasterReverbSubmixDefault'
[2020.09.16-03.44.09:006][349]LogAudioMixer: Display: Creating Master Submix 'MasterEQSubmixDefault'
[2020.09.16-03.44.09:021][349]LogInit: FAudioDevice initialized.
[2020.09.16-03.44.09:090][349]LogLoad: Game class is 'PixelArenaGame_C'
[2020.09.16-03.44.09:135][349]LogWorld: Bringing World /Game/PixelArena/Levels/UEDPIE_0_Main.Main up for play (max tick rate 60) at 2020.09.16-15.44.09
[2020.09.16-03.44.09:139][349]LogWorld: Bringing up level for play took: 0.034005
[2020.09.16-03.44.09:143][349]LogOnline: OSS: Creating online subsystem instance for: :Context_4
[2020.09.16-03.44.09:174][349]PIE: Server logged in
[2020.09.16-03.44.09:175][349]PIE: Play in editor total start time 0.519 seconds.
[2020.09.16-03.44.51:758][830]LogSlate: Updating window title bar state: overlay mode, drag disabled, window buttons hidden, title bar hidden
[2020.09.16-03.44.51:759][830]LogWorld: BeginTearingDown for /Game/PixelArena/Levels/UEDPIE_0_Main
[2020.09.16-03.44.51:760][830]LogWorld: UWorld::CleanupWorld for Main, bSessionEnded=true, bCleanupResources=true
[2020.09.16-03.44.51:762][830]LogSlate: InvalidateAllWidgets triggered.  All widgets were invalidated
[2020.09.16-03.44.51:779][830]LogPlayLevel: Display: Shutting down PIE online subsystems
[2020.09.16-03.44.51:782][830]LogSlate: InvalidateAllWidgets triggered.  All widgets were invalidated
[2020.09.16-03.44.51:823][830]LogSlate: Updating window title bar state: overlay mode, drag disabled, window buttons hidden, title bar hidden
[2020.09.16-03.44.51:833][830]LogAISub: UAISubsystem::~UAISubsystem AIPerceptionSystem (0000024D052D9080), frame # 5830
[2020.09.16-03.44.51:833][830]LogAISub: UAISubsystem::~UAISubsystem EnvQueryManager (0000024D10086200), frame # 5830
[2020.09.16-03.44.51:836][830]LogUObjectHash: Compacting FUObjectHashTables data took   0.72ms
[2020.09.16-03.44.51:894][831]LogPlayLevel: Display: Destroying online subsystem :Context_4
[2020.09.16-03.45.19:721][980]LogTemp: Repeating last play command: Selected Viewport
[2020.09.16-03.45.19:740][980]LogPlayLevel: PlayLevel: No blueprints needed recompiling
[2020.09.16-03.45.19:740][980]PIE: New page: PIE session: Main (Sep 17, 2020, 3:45:19 AM)
[2020.09.16-03.45.19:740][980]LogPlayLevel: Creating play world package: /Game/PixelArena/Levels/UEDPIE_0_Main
[2020.09.16-03.45.19:742][980]LogPlayLevel: PIE: StaticDuplicateObject took: (0.001968s)
[2020.09.16-03.45.19:745][980]LogAIModule: Creating AISystem for world Main
[2020.09.16-03.45.19:745][980]LogAISub: UAISubsystem::UAISubsystem EnvQueryManager (0000024D102A1800), frame # 5980
[2020.09.16-03.45.19:745][980]LogAISub: UAISubsystem::UAISubsystem AIPerceptionSystem (0000024D052D9F80), frame # 5980
[2020.09.16-03.45.19:746][980]LogPlayLevel: PIE: World Init took: (0.002926s)
[2020.09.16-03.45.19:746][980]LogPlayLevel: PIE: Created PIE world by copying editor world from /Game/PixelArena/Levels/Main.Main to /Game/PixelArena/Levels/UEDPIE_0_Main.Main (0.005172s)
[2020.09.16-03.45.19:757][980]LogUObjectHash: Compacting FUObjectHashTables data took   0.82ms
[2020.09.16-03.45.19:760][980]LogAudioMixer: Display: Audio Mixer Platform Settings:
[2020.09.16-03.45.19:760][980]LogAudioMixer: Display: 	Sample Rate:						  48000
[2020.09.16-03.45.19:760][980]LogAudioMixer: Display: 	Callback Buffer Frame Size Requested: 1024
[2020.09.16-03.45.19:760][980]LogAudioMixer: Display: 	Callback Buffer Frame Size To Use:	  1024
[2020.09.16-03.45.19:760][980]LogAudioMixer: Display: 	Number of buffers to queue:			  2
[2020.09.16-03.45.19:760][980]LogAudioMixer: Display: 	Max Channels (voices):				  32
[2020.09.16-03.45.19:760][980]LogAudioMixer: Display: 	Number of Async Source Workers:		  0
[2020.09.16-03.45.19:760][980]LogAudio: Display: AudioDevice MaxSources: 32
[2020.09.16-03.45.19:761][980]LogAudio: Display: Using built-in audio occlusion.
[2020.09.16-03.45.19:761][980]LogAudioMixer: Display: Initializing audio mixer.
[2020.09.16-03.45.19:770][980]LogAudioMixer: Display: 0: FrontLeft
[2020.09.16-03.45.19:770][980]LogAudioMixer: Display: 1: FrontRight
[2020.09.16-03.45.19:802][980]LogAudioMixer: Display: Using Audio Device Speakers (Realtek High Definition Audio(SST))
[2020.09.16-03.45.19:805][980]LogAudioMixer: Display: Initializing Sound Submixes...
[2020.09.16-03.45.19:805][980]LogAudioMixer: Display: Creating Master Submix 'MasterSubmixDefault'
[2020.09.16-03.45.19:805][980]LogAudioMixer: Display: Creating Master Submix 'MasterReverbSubmixDefault'
[2020.09.16-03.45.19:806][980]LogAudioMixer: Display: Creating Master Submix 'MasterEQSubmixDefault'
[2020.09.16-03.45.19:820][980]LogInit: FAudioDevice initialized.
[2020.09.16-03.45.19:833][980]LogLoad: Game class is 'PixelArenaGame_C'
[2020.09.16-03.45.19:835][980]LogWorld: Bringing World /Game/PixelArena/Levels/UEDPIE_0_Main.Main up for play (max tick rate 60) at 2020.09.16-15.45.19
[2020.09.16-03.45.19:835][980]LogWorld: Bringing up level for play took: 0.001489
[2020.09.16-03.45.19:836][980]LogOnline: OSS: Creating online subsystem instance for: :Context_5
[2020.09.16-03.45.19:840][980]PIE: Server logged in
[2020.09.16-03.45.19:841][980]PIE: Play in editor total start time 0.101 seconds.
[2020.09.16-03.45.36:509][970]LogSlate: Updating window title bar state: overlay mode, drag disabled, window buttons hidden, title bar hidden
[2020.09.16-03.45.36:509][970]LogWorld: BeginTearingDown for /Game/PixelArena/Levels/UEDPIE_0_Main
[2020.09.16-03.45.36:509][970]LogWorld: UWorld::CleanupWorld for Main, bSessionEnded=true, bCleanupResources=true
[2020.09.16-03.45.36:510][970]LogSlate: InvalidateAllWidgets triggered.  All widgets were invalidated
[2020.09.16-03.45.36:522][970]LogPlayLevel: Display: Shutting down PIE online subsystems
[2020.09.16-03.45.36:523][970]LogSlate: InvalidateAllWidgets triggered.  All widgets were invalidated
[2020.09.16-03.45.36:533][970]LogSlate: Updating window title bar state: overlay mode, drag disabled, window buttons hidden, title bar hidden
[2020.09.16-03.45.36:555][970]LogAISub: UAISubsystem::~UAISubsystem AIPerceptionSystem (0000024D052D9F80), frame # 6970
[2020.09.16-03.45.36:555][970]LogAISub: UAISubsystem::~UAISubsystem EnvQueryManager (0000024D102A1800), frame # 6970
[2020.09.16-03.45.36:556][970]LogUObjectHash: Compacting FUObjectHashTables data took   0.68ms
[2020.09.16-03.45.36:590][971]LogPlayLevel: Display: Destroying online subsystem :Context_5
